[kringle.cash/index.html]
[maxcdn.bootstrapcdn.com/bootstrap/4.1.0/css/bootstrap.min.css]
[stackpath.bootstrapcdn.com/font-awesome/4.7.0/css/font-awesome.min.css]
[use.fontawesome.com/releases/v5.2.0/css/all.css]
[backblue.gif]
[fade.gif]
[index.html]
[kringle.cash/content/css/style.css]
[translate.google.com/translate_a/elementa0d8.js]
[kringle.cash/content/img/SBC-75.png]
[kringle.cash/covid.html]
[kringle.cash/ambassador-goodwill/bangladesh.html]
[kringle.cash/ambassador-goodwill/cameroon.html]
[kringle.cash/ambassador-goodwill/cameroon-round3.html]
[kringle.cash/ambassador-goodwill/ghana.html]
[kringle.cash/ambassador-goodwill/india.html]
[kringle.cash/ambassador-goodwill/india-round2.html]
[kringle.cash/ambassador-goodwill/ivory-coast.html]
[kringle.cash/ambassador-goodwill/india_excellency.html]
[kringle.cash/ambassador-goodwill/ivory-coast-round2.html]
[kringle.cash/ambassador-goodwill/nigeria.html]
[kringle.cash/ambassador-goodwill/philippines.html]
[kringle.cash/ambassador-goodwill/south-africa.html]
[kringle.cash/ambassador-goodwill/togo.html]
[kringle.cash/ambassador-goodwill/uganda.html]
[kringle.cash/content/img/bg1a.jpg]
[ajax.googleapis.com/ajax/libs/jquery/3.3.1/jquery.min.js]
[cdnjs.cloudflare.com/ajax/libs/popper.js/1.14.0/umd/popper.min.js]
[maxcdn.bootstrapcdn.com/bootstrap/4.1.0/js/bootstrap.min.js]
[kringle.cash/index.html]
[maxcdn.bootstrapcdn.com/bootstrap/4.1.0/css/bootstrap.min.css]
[stackpath.bootstrapcdn.com/font-awesome/4.7.0/css/font-awesome.min.css]
[use.fontawesome.com/releases/v5.2.0/css/all.css]
[kringle.cash/code/js/_main.js]
[kringle.cash/content/img/bg1.jpg]
[kringle.cash/content/img/3.jpg]
[kringle.cash/content/css/style.css]
[cdn.datatables.net/1.10.19/css/dataTables.bootstrap4.min.css]
[kringle.cash/content/img/logo_75.png]
[kringle.cash/content/img/noitulover.png]
[kringle.cash/merchant_locations.html]
[kringle.cash/publicnotice.html]
[kringle.cash/index-2.html]
[ajax.googleapis.com/ajax/libs/jqueryui/1.12.1/jquery-ui.min.js]
[cdn.datatables.net/1.10.20/js/jquery.dataTables.min.js]
[cdn.datatables.net/1.10.20/js/dataTables.bootstrap4.min.js]
[maxcdn.bootstrapcdn.com/bootstrap/4.1.1/js/bootstrap.min.js]
[kringle.cash/code/js/_main_menu2e92.js]
[kringle.cash/covid.html]
[cdnjs.cloudflare.com/ajax/libs/bootbox.js/5.4.1/bootbox.min.js]
[kringle.cash/portal/index.html]
[kringle.cash/ambassador-goodwill/index.html]
[kringle.cash/portal/login12bc.html]
[kringle.cash/ambassador-goodwill/favicon.2d.delayed]
[kringle.cash/images/linkimage2c.jpg]
[maxcdn.bootstrapcdn.com/bootstrap/4.1.1/css/bootstrap.min.css]
[kringle.cash/ambassador-goodwill/js/jquery.js]
[kringle.cash/ambassador-goodwill/js/bootstrap.js]
[www.google.com/recaptcha/api.js]
[kringle.cash/ambassador-goodwill/css/style.css]
[kringle.cash/ambassador-goodwill/css/ownstyle.34.delayed]
[kringle.cash/ambassador-goodwill/css/mystyle.css]
[kringle.cash/ambassador-goodwill/css/info1.css]
[kringle.cash/ambassador-goodwill/images/KringleCoin.gif]
[cdnjs.cloudflare.com/ajax/libs/font-awesome/6.1.1/css/all.min.css]
[kringle.cash/ambassador-goodwill/css/bootstrap.min.css]
[kringle.cash/ambassador-goodwill/css/grid-gallery.min.css]
[kringle.cash/ambassador-goodwill/css/style7b25.css]
[kringle.cash/ambassador-goodwill/bangladesh.html]
[kringle.cash/ambassador-goodwill/cameroon.html]
[kringle.cash/ambassador-goodwill/js/grid-gallery.min.js]
[kringle.cash/js/grid-gallery.min.js]
[kringle.cash/ambassador-goodwill/cameroon-round3.html]
[kringle.cash/ambassador-goodwill/ghana.html]
[kringle.cash/ambassador-goodwill/india.html]
[kringle.cash/ambassador-goodwill/india_excellency.html]
[kringle.cash/ambassador-goodwill/india-round2.html]
[kringle.cash/ambassador-goodwill/img/keiba.jpg]
[kringle.cash/ambassador-goodwill/ivory-coast.html]
[kringle.cash/ambassador-goodwill/ivory-coast-round2.html]
[kringle.cash/ambassador-goodwill/nigeria.html]
[kringle.cash/ambassador-goodwill/philippines.html]
[kringle.cash/ambassador-goodwill/south-africa.html]
[kringle.cash/ambassador-goodwill/togo.html]
[kringle.cash/ambassador-goodwill/uganda.html]
[cdn.datatables.net/1.10.19/css/dataTables.bootstrap4.min.css]
[ajax.googleapis.com/ajax/libs/jqueryui/1.12.1/themes/smoothness/images/ui-bg_highlight-soft_75_cccccc_1x100.png]
[ajax.googleapis.com/ajax/libs/jqueryui/1.12.1/themes/smoothness/images/ui-bg_glass_75_e6e6e6_1x400.png]
[ajax.googleapis.com/ajax/libs/jqueryui/1.12.1/themes/smoothness/images/ui-bg_glass_75_dadada_1x400.png]
[ajax.googleapis.com/ajax/libs/jqueryui/1.12.1/themes/smoothness/images/ui-bg_glass_65_ffffff_1x400.png]
[ajax.googleapis.com/ajax/libs/jqueryui/1.12.1/themes/smoothness/images/ui-bg_glass_55_fbf9ee_1x400.png]
[ajax.googleapis.com/ajax/libs/jqueryui/1.12.1/themes/smoothness/images/ui-bg_glass_95_fef1ec_1x400.png]
[ajax.googleapis.com/ajax/libs/jqueryui/1.12.1/themes/smoothness/images/ui-icons_222222_256x240.png]
[ajax.googleapis.com/ajax/libs/jqueryui/1.12.1/themes/smoothness/images/ui-icons_454545_256x240.png]
[ajax.googleapis.com/ajax/libs/jqueryui/1.12.1/themes/smoothness/images/ui-icons_2e83ff_256x240.png]
[ajax.googleapis.com/ajax/libs/jqueryui/1.12.1/themes/smoothness/images/ui-icons_cd0a0a_256x240.png]
[ajax.googleapis.com/ajax/libs/jqueryui/1.12.1/themes/smoothness/images/ui-icons_888888_256x240.png]
[ajax.googleapis.com/ajax/libs/jqueryui/1.12.1/themes/smoothness/jquery-ui.css]
[kringle.cash/wsc-plugin/plugin/merchantlocations/css/main.min.css]
[kringle.cash/wsc-plugin/plugin/merchantlocations/images/spendmerch.jpg]
[kringle.cash/cdn-cgi/l/email-protection.html]
[kringle.cash/cdn-cgi/scripts/5c5dd728/cloudflare-static/email-decode.min.js]
[kringle.cash/wsc-plugin/plugin/merchantlocations/js/customElements.js]
[kringle.cash/wsc-plugin/plugin/merchantlocations/js/searchMerchantsc619.js]
[kringle.cash/merchant_locations.html]
[kringle.cash/code/js/_main_menu971e.js]
[kringle.cash/favicon.ico]
[kringle.cash/js/jquery.js]
[kringle.cash/js/bootstrap.js]
[kringle.cash/css/style.css]
[kringle.cash/css/ownstyle.css]
[kringle.cash/css/mystyle.css]
[kringle.cash/css/info1.css]
[kringle.cash/images/KringleCoin.gif]
[kringle.cash/images/notice_back.jpg]
[kringle.cash/PublicNotice.pdf]
[kringle.cash/KringleSocietyMissionStatement.pdf]
[kringle.cash/ArticlesofAssociation.pdf]
[kringle.cash/SEC-WritofExecutionandRecord1.14.2019-final.pdf]
[kringle.cash/SEC-WritofResolution1.14.2019-final.pdf]
[kringle.cash/terms_of_use.html]
[kringle.cash/privacy_policy.html]
[kringle.cash/images/PublicNotice.png]
[kringle.cash/images/KringleSocietyMissionStatement.png]
[kringle.cash/images/ArticlesofAssociation1.png]
[kringle.cash/images/aaa1.png]
[kringle.cash/publicnotice.html]
[kringle.cash/index-2.html]
[kringle.cash/content/css/login.css]
[kringle.cash/content/img/SBC-100.png]
[kringle.cash/registration_form18b7.html]
[kringle.cash/portal/login_bfr.html]
[kringle.cash/A-Team Payment.pdf]
[kringle.cash/pdfeducation/password reset tutorial.pdf]
[kringle.cash/pdfeducation/Email desk tutorial.pdf]
[cdnjs.cloudflare.com/ajax/libs/react/16.13.1/umd/react.production.min.js]
[cdnjs.cloudflare.com/ajax/libs/react-dom/16.13.1/umd/react-dom.production.min.js]
[kringle.cash/code/js/_main_menu8b57.js]
[www.google.com/recaptcha/api835c.js]
[kringle.cash/portal/POST]
[kringle.cash/portal/login12bc.html]
[kringle.cash/ambassador-goodwill/favicon.html]
[maxcdn.bootstrapcdn.com/bootstrap/4.1.1/css/bootstrap.min.css]
[kringle.cash/ambassador-goodwill/js/jquery.html]
[kringle.cash/ambassador-goodwill/js/bootstrap.html]
[kringle.cash/portal/logweberror.html]
[kringle.cash/ambassador-goodwill/img/logo.png]
[kringle.cash/ambassador-goodwill/css/style.css]
[kringle.cash/ambassador-goodwill/css/ownstyle.html]
[kringle.cash/ambassador-goodwill/css/mystyle.html]
[kringle.cash/ambassador-goodwill/css/info1.html]
[kringle.cash/ambassador-goodwill/images/KringleCoin.html]
[cdnjs.cloudflare.com/ajax/libs/font-awesome/6.1.1/css/all.min.css]
[kringle.cash/ambassador-goodwill/css/bootstrap.min.css]
[kringle.cash/ambassador-goodwill/css/grid-gallery.min.css]
[kringle.cash/ambassador-goodwill/css/style7b25.css]
[kringle.cash/js/grid-gallery.min.html]
[kringle.cash/wsc-plugin/plugin/merchantlocations/css/main.min.css]
[kringle.cash/cdn-cgi/l/email-protection.html]
[kringle.cash/js/jquery.html]
[kringle.cash/js/bootstrap.html]
[kringle.cash/css/style.html]
[kringle.cash/css/ownstyle.html]
[kringle.cash/css/mystyle.html]
[kringle.cash/css/info1.html]
[kringle.cash/terms_of_use.html]
[kringle.cash/code/js/_main_menue32c.js]
[kringle.cash/privacy_policy.html]
[kringle.cash/content/css/login.css]
[kringle.cash/code/js/_main_menu4aae.js]
[kringle.cash/goodwill.html]
[kringle.cash/portal/login1b76.html]
[kringle.cash/content/css/registration_forme6dd.css]
[kringle.cash/css/face11f8.css]
[kringle.cash/content/img/photo_2022-06-30_15-21-19.jpg]
[rf.revolvermaps.com/0/0/26506.js]
[kringle.cash/wsc-plugin/plugin/chatpublic/css/main.css]
[kringle.cash/wsc-plugin/plugin/chatpublic/js/app.js]
[kringle.cash/portal/logine5f6.html]
[kringle.cash/registration_complete.html]
[kringle.cash/POST]
[kringle.cash/registration_form18b7.html]
[kringle.cash/content/img/logo_100.png]
[kringle.cash/registration_form.html]
[kringle.cash/code/js/_main_menu74ab.js]
[kringle.cash/portal/login_bfr.html]
[kringle.cash/portal/POST.html]
[kringle.cash/portal/logweberror.html]
[kringle.cash/ambassador-goodwill/img/logo.html]
[kringle.cash/portal/login7f21.html]
[kringle.cash/Kringle-armorial-1A--doc-version.png]
[kringle.cash/content/img/photo_2022-03-30_18-53-21.jpg]
[kringle.cash/goodwill/photo_2022-03-16_16-52-11.jpg]
[kringle.cash/content/img/saleh.jpg]
[kringle.cash/content/img/syed.jpg]
[kringle.cash/content/img/photo_2022-01-27_18-30-06.jpg]
[kringle.cash/content/img/Goodwill/innocentreceipt/1.jpg]
[kringle.cash/content/img/Goodwill/innocentreceipt/2.jpg]
[kringle.cash/content/img/Goodwill/innocentreceipt/3.jpg]
[kringle.cash/content/img/Goodwill/innocentreceipt/4.jpg]
[kringle.cash/content/img/Goodwill/innocentreceipt/5.jpg]
[kringle.cash/content/img/Goodwill/innocentreceipt/6.jpg]
[kringle.cash/content/img/Goodwill/innocentreceipt/7.jpg]
[kringle.cash/content/img/Goodwill/innocentreceipt/8.png]
[kringle.cash/content/img/Goodwill/Innocent Step 1/1.jpg]
[kringle.cash/content/img/Goodwill/Innocent Step 1/2.jpg]
[kringle.cash/content/img/Goodwill/Innocent Step 1/3.jpg]
[kringle.cash/content/img/Goodwill/Innocent Step 1/4.jpg]
[kringle.cash/content/img/Goodwill/Innocent Step 1/5.jpg]
[kringle.cash/content/img/Goodwill/Innocent Step 1/6.jpg]
[kringle.cash/content/img/Goodwill/Innocent Step 1/7.jpg]
[kringle.cash/content/img/Goodwill/Innocent Step 1/8.jpg]
[kringle.cash/content/img/Goodwill/Innocent Step 1/9.jpg]
[kringle.cash/content/img/Goodwill/Innocent Step 1/10.jpg]
[kringle.cash/content/img/Goodwill/Innocent Step 1/11.jpg]
[kringle.cash/content/img/Goodwill/Innocent Step 1/12.jpg]
[kringle.cash/content/img/Goodwill/Innocent Step 1/13.jpg]
[kringle.cash/content/img/Goodwill/Innocent Step 1/14.jpg]
[kringle.cash/content/img/Goodwill/Innocent Step 1/15.jpg]
[kringle.cash/content/img/Goodwill/Innocent Step 2/1.jpg]
[kringle.cash/content/img/Goodwill/Innocent Step 2/2.jpg]
[kringle.cash/content/img/Goodwill/Innocent Step 2/3.jpg]
[kringle.cash/content/img/Goodwill/Innocent Step 2/4.jpg]
[kringle.cash/content/img/Goodwill/Innocent Step 2/5.jpg]
[kringle.cash/content/img/Goodwill/Innocent Step 2/6.jpg]
[kringle.cash/content/img/Goodwill/Innocent Step 2/7.jpg]
[kringle.cash/content/img/Goodwill/Innocent Step 2/8.jpg]
[kringle.cash/content/img/Goodwill/Innocent Step 2/9.jpg]
[kringle.cash/content/img/Goodwill/Innocent Step 2/10.jpg]
[kringle.cash/content/img/Goodwill/Innocent Step 2/11.jpg]
[kringle.cash/content/img/Goodwill/Innocent Step 2/12.jpg]
[kringle.cash/content/img/Goodwill/Innocent Step 2/13.jpg]
[kringle.cash/content/img/Goodwill/Innocent Step 2/14.jpg]
[kringle.cash/content/img/Goodwill/Innocent Step 2/15.jpg]
[kringle.cash/content/img/Goodwill/Innocent Step 2/16.jpg]
[kringle.cash/content/img/Goodwill/Innocent Step 2/17.jpg]
[kringle.cash/content/img/Goodwill/Innocent Step 2/18.jpg]
[kringle.cash/content/img/Goodwill/Innocent Step 2/19.jpg]
[kringle.cash/content/img/Goodwill/Innocent Step 2/20.jpg]
[kringle.cash/content/img/Goodwill/Innocent Step 2/21.jpg]
[kringle.cash/content/img/Goodwill/Innocent Step 2/22.jpg]
[kringle.cash/content/img/Goodwill/Innocent Step 2/23.jpg]
[kringle.cash/content/img/Goodwill/Innocent Step 2/24.jpg]
[kringle.cash/content/img/Goodwill/Innocent Step 2/25.jpg]
[kringle.cash/content/img/Goodwill/Innocent Step 2/26.jpg]
[kringle.cash/content/img/Goodwill/Innocent Step 2/27.jpg]
[kringle.cash/content/img/Goodwill/Innocent Step 2/28.jpg]
[kringle.cash/content/img/Goodwill/Innocent Step 2/29.jpg]
[kringle.cash/content/img/Goodwill/Innocent Step 2/30.jpg]
[kringle.cash/content/img/Goodwill/Innocent Step 3/1.jpg]
[kringle.cash/content/img/Goodwill/Innocent Step 3/2.jpg]
[kringle.cash/content/img/Goodwill/Innocent Step 3/3.jpg]
[kringle.cash/content/img/Goodwill/Innocent Step 3/4.jpg]
[kringle.cash/content/img/Goodwill/Innocent Step 3/5.jpg]
[kringle.cash/content/img/Goodwill/Innocent Step 3/6.jpg]
[kringle.cash/content/img/Goodwill/Innocent Step 3/7.jpg]
[kringle.cash/content/img/Goodwill/Innocent Step 3/8.jpg]
[kringle.cash/content/img/Goodwill/Innocent Step 3/9.jpg]
[kringle.cash/content/img/Goodwill/Innocent Step 3/10.jpg]
[kringle.cash/content/img/Goodwill/Innocent Step 3/11.jpg]
[kringle.cash/content/img/Goodwill/Innocent Step 3/12.jpg]
[kringle.cash/content/img/Goodwill/Innocent Step 3/33.jpg]
[kringle.cash/content/img/Goodwill/Innocent Step 3/34.jpg]
[kringle.cash/content/img/Goodwill/Innocent Step 3/35.jpg]
[kringle.cash/content/img/Goodwill/Innocent Step 3/36.jpg]
[kringle.cash/content/img/Goodwill/Innocent Step 3/37.jpg]
[kringle.cash/content/img/Goodwill/Innocent Step 3/38.jpg]
[kringle.cash/content/img/Goodwill/Innocent Step 3/39.jpg]
[kringle.cash/content/img/Goodwill/Innocent Step 3/40.jpg]
[kringle.cash/content/img/Goodwill/Innocent Step 3/41.jpg]
[kringle.cash/content/img/Goodwill/Innocent Step 3/42.jpg]
[kringle.cash/content/img/Goodwill/Innocent Step 3/43.jpg]
[kringle.cash/content/img/Goodwill/Innocent Step 3/44.jpg]
[kringle.cash/content/img/Goodwill/Innocent Step 3/45.jpg]
[kringle.cash/content/img/Goodwill/Innocent Step 3/46.jpg]
[kringle.cash/content/img/Goodwill/Innocent Step 3/47.jpg]
[kringle.cash/content/img/Goodwill/Innocent Step 3/48.jpg]
[kringle.cash/content/img/Goodwill/Innocent Step 3/49.jpg]
[kringle.cash/content/img/Goodwill/Innocent Step 3/50.jpg]
[kringle.cash/content/img/Goodwill/Innocent Step 3/51.jpg]
[kringle.cash/content/img/Goodwill/Innocent Step 3/52.jpg]
[kringle.cash/content/img/Goodwill/Innocent Step 3/53.jpg]
[kringle.cash/content/img/Goodwill/Innocent Step 3/54.jpg]
[kringle.cash/content/img/Goodwill/Innocent Step 3/55.jpg]
[kringle.cash/content/img/Goodwill/Innocent Step 3/56.jpg]
[kringle.cash/portal/blog/blogimages/userfiles/images/GOODWILL-AMBASSADORS-FOR-TBC.jpg]
[kringle.cash/goodwill/gwmbeh001.jpg]
[kringle.cash/goodwill/gwmbeh002.jpg]
[kringle.cash/goodwill/gwmbeh003.jpg]
[kringle.cash/goodwill/gwmbeh004.jpg]
[kringle.cash/goodwill/gwmbeh005.jpg]
[kringle.cash/goodwill/gwmbeh006.jpg]
[kringle.cash/goodwill/gwmbeh007.jpg]
[kringle.cash/goodwill/gwmbeh008.jpg]
[kringle.cash/goodwill/gwmbeh009.jpg]
[kringle.cash/goodwill/gwmbeh010.jpg]
[kringle.cash/goodwill/mbehreport2-1.jpg]
[kringle.cash/goodwill/mbehreport2-3.jpg]
[kringle.cash/goodwill/steve01.jpg]
[kringle.cash/goodwill/steve02.jpg]
[kringle.cash/goodwill/steve03.jpg]
[kringle.cash/goodwill/steve04.jpg]
[kringle.cash/goodwill/steve05.jpg]
[kringle.cash/goodwill/steve06.jpg]
[kringle.cash/goodwill/steve-07.jpg]
[kringle.cash/goodwill/steve-08.jpg]
[kringle.cash/goodwill/steve-09.jpg]
[kringle.cash/goodwill/steve-10.jpg]
[kringle.cash/goodwill/steve-11.jpg]
[kringle.cash/goodwill/steve-12.jpg]
[kringle.cash/goodwill/steve-13.jpg]
[kringle.cash/goodwill/Cameroon_Mbeh_Derick/image001.jpg]
[kringle.cash/goodwill/Cameroon_Mbeh_Derick/image002.jpg]
[kringle.cash/goodwill/Cameroon_Mbeh_Derick/image003.jpg]
[kringle.cash/goodwill/Cameroon_Mbeh_Derick/image004.jpg]
[kringle.cash/goodwill/Cameroon_Mbeh_Derick/image005.jpg]
[kringle.cash/goodwill/Cameroon_Mbeh_Derick/image006.jpg]
[kringle.cash/goodwill/Cameroon_Mbeh_Derick/image007.jpg]
[kringle.cash/goodwill/Cameroon_Mbeh_Derick/image008.jpg]
[kringle.cash/goodwill/Cameroon_Mbeh_Derick/image009.jpg]
[kringle.cash/goodwill/Cameroon_Mbeh_Derick/image010.jpg]
[kringle.cash/goodwill/Cameroon_Mbeh_Derick/image011.jpg]
[kringle.cash/goodwill/Cameroon_Mbeh_Derick/image012.jpg]
[kringle.cash/goodwill/Cameroon_Mbeh_Derick/image013.jpg]
[kringle.cash/goodwill/Cameroon_Mbeh_Derick/image014.jpg]
[kringle.cash/goodwill/Cameroon_Mbeh_Derick/image015.jpg]
[kringle.cash/goodwill/Cameroon_Mbeh_Derick/image016.jpg]
[kringle.cash/goodwill/Cameroon_Mbeh_Derick/image017.jpg]
[kringle.cash/goodwill/Cameroon_Mbeh_Derick/image018.jpg]
[kringle.cash/goodwill/Cameroon_Mbeh_Derick/image019.jpg]
[kringle.cash/goodwill/Cameroon_Mbeh_Derick/image020.jpg]
[kringle.cash/goodwill/Cameroon_Mbeh_Derick/image021.jpg]
[kringle.cash/goodwill/Cameroon_Mbeh_Derick/image022.jpg]
[kringle.cash/goodwill/Cameroon_Mbeh_Derick/image023.jpg]
[kringle.cash/goodwill/Cameroon_Mbeh_Derick/image024.jpg]
[kringle.cash/goodwill/Cameroon_Mbeh_Derick/image025.jpg]
[kringle.cash/goodwill/Cameroon_Mbeh_Derick/image026.jpg]
[kringle.cash/goodwill/Cameroon_Mbeh_Derick/image027.jpg]
[kringle.cash/goodwill/Cameroon_Mbeh_Derick/image028.jpg]
[kringle.cash/goodwill/Cameroon_Mbeh_Derick/image029.jpg]
[kringle.cash/goodwill/Cameroon_Mbeh_Derick/image030.jpg]
[kringle.cash/goodwill/Cameroon_Mbeh_Derick/image031.jpg]
[kringle.cash/goodwill/Cameroon_Mbeh_Derick/image032.jpg]
[kringle.cash/goodwill/Cameroon_Mbeh_Derick/image033.jpg]
[kringle.cash/goodwill/Cameroon_Mbeh_Derick/image034.jpg]
[kringle.cash/goodwill/Cameroon_Mbeh_Derick/image035.jpg]
[kringle.cash/goodwill/Cameroon_Mbeh_Derick/image036.jpg]
[kringle.cash/goodwill/Cameroon_Mbeh_Derick/image037.jpg]
[kringle.cash/goodwill/Cameroon_Mbeh_Derick/image038.jpg]
[kringle.cash/goodwill/Cameroon_Mbeh_Derick/image039.jpg]
[kringle.cash/goodwill/Cameroon_Mbeh_Derick/image040.jpg]
[kringle.cash/goodwill/Cameroon_Mbeh_Derick/image041.jpg]
[kringle.cash/goodwill/Cameroon_Mbeh_Derick/image042.jpg]
[kringle.cash/goodwill/Cameroon_Mbeh_Derick/image043.jpg]
[kringle.cash/goodwill/Cameroon_Mbeh_Derick/image044.jpg]
[kringle.cash/goodwill.html]
[kringle.cash/portal/login1b76.html]
[kringle.cash/code/js/_main_menuf1fc.js]
[kringle.cash/content/img/reg_bg.jpg]
[kringle.cash/content/css/registration_forme6dd.css]
[kringle.cash/css/face11f8.css]
[kringle.cash/wsc-plugin/plugin/chatpublic/css/main.css]
[kringle.cash/portal/logine5f6.html]
[kringle.cash/code/js/_main_menu27a1.js]
[kringle.cash/content/css/registration_form43a0.css]
[kringle.cash/registration_complete.html]
[kringle.cash/POST.html]
[kringle.cash/code/js/_main_menu0cca.js]
[kringle.cash/registration_form.html]
[kringle.cash/css/face0b1a.css]
[kringle.cash/portal/login7f21.html]
[www.kluvcoin.io/img/Saleh.jpg]
[www.kluvcoin.io/img/SalehReceipt/1.jpg]
[www.kluvcoin.io/img/SalehReceipt/2.jpg]
[www.kluvcoin.io/img/SaleStep2/1.jpg]
[www.kluvcoin.io/img/SaleStep2/2.jpg]
[www.kluvcoin.io/img/SaleStep2/3.jpg]
[www.kluvcoin.io/img/SaleStep2/4.jpg]
[www.kluvcoin.io/img/SaleStep2/5.jpg]
[www.kluvcoin.io/img/SaleStep2/6.jpg]
[www.kluvcoin.io/img/SaleStep2/7.jpg]
[www.kluvcoin.io/img/SaleStep2/8.jpg]
[www.kluvcoin.io/img/SaleStep2/9.jpg]
[www.kluvcoin.io/img/SaleStep2/10.jpg]
[www.kluvcoin.io/img/SaleStep2/11.jpg]
[www.kluvcoin.io/img/SaleStep2/12.jpg]
[www.kluvcoin.io/img/SaleStep2/13.jpg]
[www.kluvcoin.io/img/SaleStep2/14.jpg]
[www.kluvcoin.io/img/SaleStep2/15.jpg]
[www.kluvcoin.io/img/SaleStep2/16.jpg]
[www.kluvcoin.io/img/SaleStep2/17.jpg]
[www.kluvcoin.io/img/SaleStep2/18.jpg]
[www.kluvcoin.io/img/SaleStep2/19.jpg]
[www.kluvcoin.io/img/SaleStep2/20.jpg]
[www.kluvcoin.io/img/SaleStep2/21.jpg]
[www.kluvcoin.io/img/SaleStep2/22.jpg]
[www.kluvcoin.io/img/SaleStep2/23.jpg]
[www.kluvcoin.io/img/SaleStep2/24.jpg]
[www.kluvcoin.io/img/SaleStep2/25.jpg]
[www.kluvcoin.io/img/SaleStep2/26.jpg]
[www.kluvcoin.io/img/SaleStep2/27.jpg]
[www.kluvcoin.io/img/SaleStep2/28.jpg]
[www.kluvcoin.io/img/SaleStep2/29.jpg]
[www.kluvcoin.io/img/SaleStep3/1.jpg]
[www.kluvcoin.io/img/SaleStep3/2.jpg]
[www.kluvcoin.io/img/SaleStep3/3.jpg]
[www.kluvcoin.io/img/SaleStep3/4.jpg]
[www.kluvcoin.io/img/SaleStep3/5.jpg]
[www.kluvcoin.io/img/SaleStep3/6.jpg]
[www.kluvcoin.io/img/SaleStep3/7.jpg]
[www.kluvcoin.io/img/SaleStep3/8.jpg]
[www.kluvcoin.io/img/SaleStep3/9.jpg]
[www.kluvcoin.io/img/SaleStep3/10.jpg]
[www.kluvcoin.io/img/SaleStep3/11.jpg]
[www.kluvcoin.io/img/SaleStep3/12.jpg]
[www.kluvcoin.io/img/SaleStep3/13.jpg]
[www.kluvcoin.io/img/SaleStep3/14.jpg]
[www.kluvcoin.io/img/SaleStep3/15.jpg]
[www.kluvcoin.io/img/SaleStep3/16.jpg]
[www.kluvcoin.io/img/SaleStep3/17.jpg]
[www.kluvcoin.io/img/SaleStep3/18.jpg]
[www.kluvcoin.io/img/SaleStep3/19.jpg]
[www.kluvcoin.io/img/SaleStep3/20.jpg]
[www.kluvcoin.io/img/SaleStep3/21.jpg]
[www.kluvcoin.io/img/SaleStep3/22.jpg]
[www.kluvcoin.io/img/SaleStep3/23.jpg]
[www.kluvcoin.io/img/SaleStep3/24.jpg]
[www.kluvcoin.io/img/SaleStep3/25.jpg]
[www.kluvcoin.io/img/SaleStep3/26.jpg]
[www.kluvcoin.io/img/SaleStep3/27.jpg]
[www.kluvcoin.io/img/SaleStep3/28.jpg]
[www.kluvcoin.io/img/SaleStep3/29.jpg]
[www.kluvcoin.io/img/SaleStep3/30.jpg]
[www.kluvcoin.io/img/SaleStep3/31.jpg]
[www.kluvcoin.io/img/SaleStep3/32.jpg]
[www.kluvcoin.io/img/SaleStep3/33.jpg]
[www.kluvcoin.io/img/SaleStep3/34.jpg]
[www.kluvcoin.io/img/SaleStep3/35.jpg]
[www.kluvcoin.io/img/SaleStep3/36.jpg]
[www.kluvcoin.io/img/SaleStep3/37.jpg]
[www.kluvcoin.io/img/SaleStep3/38.jpg]
[www.kluvcoin.io/img/SaleStep3/39.jpg]
[www.kluvcoin.io/img/SaleStep3/40.jpg]
[www.kluvcoin.io/img/SaleStep4/1.jpg]
[www.kluvcoin.io/img/SaleStep4/2.jpg]
[www.kluvcoin.io/img/SaleStep4/3.jpg]
[www.kluvcoin.io/img/SaleStep4/4.jpg]
[www.kluvcoin.io/img/SaleStep4/5.jpg]
[www.kluvcoin.io/img/SaleStep4/6.jpg]
[www.kluvcoin.io/img/SaleStep4/7.jpg]
[www.kluvcoin.io/img/SaleStep4/8.jpg]
[www.kluvcoin.io/img/SaleStep4/9.jpg]
[www.kluvcoin.io/img/SaleStep4/10.jpg]
[www.kluvcoin.io/img/SaleStep4/11.jpg]
[www.kluvcoin.io/img/SalehReceipt/3.jpg]
[www.kluvcoin.io/img/SalehReceipt/4.jpg]
[www.kluvcoin.io/img/SalehReceipt/5.jpg]
[www.kluvcoin.io/img/SalehReceipt/6.jpg]
[www.kluvcoin.io/img/mbeh.jpg]
[www.kluvcoin.io/img/mbehreceipt/1.jpg]
[www.kluvcoin.io/img/mbehreceipt/2.jpg]
[www.kluvcoin.io/img/mbehreceipt/3.jpg]
[www.kluvcoin.io/img/mbehreceipt/4.jpg]
[www.kluvcoin.io/img/mbehreceipt/5.jpg]
[www.kluvcoin.io/img/mbehreceipt/6.jpg]
[www.kluvcoin.io/img/mbehreceipt/7.jpg]
[www.kluvcoin.io/img/mbehreceipt/8.jpg]
[www.kluvcoin.io/img/mbehstep1/1.jpg]
[www.kluvcoin.io/img/mbehstep1/2.jpg]
[www.kluvcoin.io/img/mbehstep1/3.jpg]
[www.kluvcoin.io/img/mbehstep1/4.jpg]
[www.kluvcoin.io/img/mbehstep1/5.jpg]
[www.kluvcoin.io/img/mbehstep1/6.jpg]
[www.kluvcoin.io/img/mbehstep1/7.jpg]
[www.kluvcoin.io/img/mbehstep1/8.jpg]
[www.kluvcoin.io/img/mbehstep1/9.jpg]
[www.kluvcoin.io/img/mbehstep1/10.jpg]
[www.kluvcoin.io/img/mbehstep1/11.jpg]
[www.kluvcoin.io/img/mbehstep1/12.jpg]
[www.kluvcoin.io/img/mbehstep1/13.jpg]
[www.kluvcoin.io/img/mbehstep1/14.jpg]
[www.kluvcoin.io/img/mbehstep1/15.jpg]
[www.kluvcoin.io/img/mbehstep1/16.jpg]
[www.kluvcoin.io/img/mbehstep1/17.jpg]
[www.kluvcoin.io/img/mbehstep1/18.jpg]
[www.kluvcoin.io/img/mbehstep1/19.jpg]
[www.kluvcoin.io/img/mbehstep1/20.jpg]
[www.kluvcoin.io/img/mbehstep1/21.jpg]
[www.kluvcoin.io/img/mbehstep1/22.jpg]
[www.kluvcoin.io/img/mbehstep1/23.jpg]
[www.kluvcoin.io/img/mbehstep1/24.jpg]
[www.kluvcoin.io/img/mbehstep1/25.jpg]
[www.kluvcoin.io/img/mbehstep1/26.jpg]
[www.kluvcoin.io/img/mbehstep1/27.jpg]
[www.kluvcoin.io/img/mbehstep1/28.jpg]
[www.kluvcoin.io/img/mbehstep1/29.jpg]
[www.kluvcoin.io/img/mbehstep1/30.jpg]
[www.kluvcoin.io/img/mbehstep1/31.jpg]
[www.kluvcoin.io/img/mbehstep1/32.jpg]
[www.kluvcoin.io/img/mbehstep1/33.jpg]
[www.kluvcoin.io/img/mbehstep1/34.jpg]
[www.kluvcoin.io/img/mbehstep1/35.jpg]
[www.kluvcoin.io/img/mbehstep1/36.jpg]
[www.kluvcoin.io/img/mbehstep1/37.jpg]
[www.kluvcoin.io/img/mbehstep1/38.jpg]
[www.kluvcoin.io/img/mbehstep1/39.jpg]
[www.kluvcoin.io/img/mbehstep1/40.jpg]
[www.kluvcoin.io/img/mbehstep1/41.jpg]
[www.kluvcoin.io/img/mbehstep1/42.jpg]
[www.kluvcoin.io/img/mbehstep1/43.jpg]
[www.kluvcoin.io/img/mbehstep1/44.jpg]
[www.kluvcoin.io/img/mbehstep1/45.jpg]
[www.kluvcoin.io/img/mbehstep1/46.jpg]
[www.kluvcoin.io/img/mbehstep1/47.jpg]
[www.kluvcoin.io/img/mbehstep1/48.jpg]
[www.kluvcoin.io/img/mbehstep1/49.jpg]
[www.kluvcoin.io/img/mbehstep1/50.jpg]
[www.kluvcoin.io/img/mbehstep1/51.jpg]
[www.kluvcoin.io/img/mbehstep1/52.jpg]
[www.kluvcoin.io/img/mbehstep1/53.jpg]
[www.kluvcoin.io/img/mbehstep1/54.jpg]
[www.kluvcoin.io/img/mbehstep1/55.jpg]
[www.kluvcoin.io/img/R3_mbeh.jpg]
[www.kluvcoin.io/img/mbeh_round3/receipt/1.jpg]
[www.kluvcoin.io/img/mbeh_round3/receipt/2.jpg]
[www.kluvcoin.io/img/mbeh_round3/receipt/3.jpg]
[www.kluvcoin.io/img/mbeh_round3/receipt/4.jpg]
[www.kluvcoin.io/img/mbeh_round3/event/1.jpg]
[www.kluvcoin.io/img/mbeh_round3/event/2.jpg]
[www.kluvcoin.io/img/mbeh_round3/event/3.jpg]
[www.kluvcoin.io/img/mbeh_round3/event/4.jpg]
[www.kluvcoin.io/img/mbeh_round3/event/5.jpg]
[www.kluvcoin.io/img/mbeh_round3/event/6.jpg]
[www.kluvcoin.io/img/mbeh_round3/event/7.jpg]
[www.kluvcoin.io/img/mbeh_round3/event/8.jpg]
[www.kluvcoin.io/img/mbeh_round3/event/9.jpg]
[www.kluvcoin.io/img/mbeh_round3/event/10.jpg]
[www.kluvcoin.io/img/mbeh_round3/event/11.jpg]
[www.kluvcoin.io/img/mbeh_round3/event/12.jpg]
[www.kluvcoin.io/img/mbeh_round3/event/13.jpg]
[www.kluvcoin.io/img/mbeh_round3/event/14.jpg]
[www.kluvcoin.io/img/mbeh_round3/event/15.jpg]
[www.kluvcoin.io/img/mbeh_round3/event/16.jpg]
[www.kluvcoin.io/img/mbeh_round3/event/17.jpg]
[www.kluvcoin.io/img/mbeh_round3/event/18.jpg]
[www.kluvcoin.io/img/mbeh_round3/event/19.jpg]
[www.kluvcoin.io/img/mbeh_round3/event/20.jpg]
[www.kluvcoin.io/img/mbeh_round3/event/21.jpg]
[www.kluvcoin.io/img/mbeh_round3/event/22.jpg]
[www.kluvcoin.io/img/mbeh_round3/event/23.jpg]
[www.kluvcoin.io/img/mbeh_round3/event/24.jpg]
[www.kluvcoin.io/img/mbeh_round3/event/25.jpg]
[www.kluvcoin.io/img/mbeh_round3/event/26.jpg]
[www.kluvcoin.io/img/mbeh_round3/event/27.jpg]
[www.kluvcoin.io/img/mbeh_round3/event/28.jpg]
[www.kluvcoin.io/img/mbeh_round3/event/29.jpg]
[www.kluvcoin.io/img/mbeh_round3/event/30.jpg]
[www.kluvcoin.io/img/mbeh_round3/event/31.jpg]
[www.kluvcoin.io/img/mbeh_round3/event/32.jpg]
[www.kluvcoin.io/img/mbeh_round3/event/33.jpg]
[www.kluvcoin.io/img/mbeh_round3/event/34.jpg]
[www.kluvcoin.io/img/mbeh_round3/event/35.jpg]
[www.kluvcoin.io/img/mbeh_round3/event/36.jpg]
[www.kluvcoin.io/img/mbeh_round3/event/37.jpg]
[www.kluvcoin.io/img/mbeh_round3/event/38.jpg]
[www.kluvcoin.io/img/mbeh_round3/event/39.jpg]
[www.kluvcoin.io/img/mbeh_round3/event/40.jpg]
[www.kluvcoin.io/img/mbeh_round3/event/41.jpg]
[www.kluvcoin.io/img/michael.jpg]
[www.kluvcoin.io/img/ghana/receipt/1.jpg]
[www.kluvcoin.io/img/ghana/receipt/2.jpg]
[www.kluvcoin.io/img/ghana/receipt/3.jpg]
[www.kluvcoin.io/img/ghana/receipt/4.jpg]
[www.kluvcoin.io/img/ghana/receipt/5.jpg]
[www.kluvcoin.io/img/ghana/receipt/6.jpg]
[www.kluvcoin.io/img/ghana/event/1.jpg]
[www.kluvcoin.io/img/ghana/event/2.jpg]
[www.kluvcoin.io/img/ghana/event/3.jpg]
[www.kluvcoin.io/img/ghana/event/4.jpg]
[www.kluvcoin.io/img/ghana/event/5.jpg]
[www.kluvcoin.io/img/ghana/event/6.jpg]
[www.kluvcoin.io/img/ghana/event/7.jpg]
[www.kluvcoin.io/img/ghana/event/8.jpg]
[www.kluvcoin.io/img/ghana/event/9.jpg]
[www.kluvcoin.io/img/ghana/event/10.jpg]
[www.kluvcoin.io/img/ghana/event/11.jpg]
[www.kluvcoin.io/img/ghana/event/12.jpg]
[www.kluvcoin.io/img/ghana/event/13.jpg]
[www.kluvcoin.io/img/ghana/event/14.jpg]
[www.kluvcoin.io/img/ghana/event/15.jpg]
[www.kluvcoin.io/img/ghana/event/16.jpg]
[www.kluvcoin.io/img/ghana/event/17.jpg]
[www.kluvcoin.io/img/ghana/event/18.jpg]
[www.kluvcoin.io/img/ghana/event/19.jpg]
[www.kluvcoin.io/img/ghana/event/20.jpg]
[www.kluvcoin.io/img/ghana/event/21.jpg]
[www.kluvcoin.io/img/ghana/event/22.jpg]
[www.kluvcoin.io/img/ghana/event/23.jpg]
[www.kluvcoin.io/img/ghana/event/24.jpg]
[www.kluvcoin.io/img/ghana/event/25.jpg]
[www.kluvcoin.io/img/ghana/event/26.jpg]
[www.kluvcoin.io/img/ghana/event/27.jpg]
[www.kluvcoin.io/img/ghana/event/28.jpg]
[www.kluvcoin.io/img/ghana/event/29.jpg]
[www.kluvcoin.io/img/ghana/event/30.jpg]
[www.kluvcoin.io/img/ghana/event/31.jpg]
[www.kluvcoin.io/img/ghana/event/32.jpg]
[www.kluvcoin.io/img/ghana/event/33.jpg]
[www.kluvcoin.io/img/ghana/event/34.jpg]
[www.kluvcoin.io/img/ghana/event/35.jpg]
[www.kluvcoin.io/img/ghana/event/36.jpg]
[www.kluvcoin.io/img/ghana/event/37.jpg]
[www.kluvcoin.io/img/ghana/event/38.jpg]
[www.kluvcoin.io/img/ghana/event/39.jpg]
[www.kluvcoin.io/img/ghana/event/40.jpg]
[www.kluvcoin.io/img/ghana/event/41.jpg]
[www.kluvcoin.io/img/ghana/event/42.jpg]
[www.kluvcoin.io/img/ghana/event/43.jpg]
[www.kluvcoin.io/img/ghana/event/44.jpg]
[www.kluvcoin.io/img/ghana/event/45.jpg]
[www.kluvcoin.io/img/ghana/event/46.jpg]
[www.kluvcoin.io/img/ghana/event/47.jpg]
[www.kluvcoin.io/img/Syed.jpg]
[www.kluvcoin.io/img/sanowar.jpg]
[www.kluvcoin.io/img/SyedReceipt/1.jpg]
[www.kluvcoin.io/img/SyedReceipt/2.jpg]
[www.kluvcoin.io/img/SyedReceipt/3.jpg]
[www.kluvcoin.io/img/SyedReceipt/4.jpg]
[www.kluvcoin.io/img/SyedReceipt/5.jpg]
[www.kluvcoin.io/img/SyedCommittee/1.jpg]
[www.kluvcoin.io/img/SyedCommittee/2.jpg]
[www.kluvcoin.io/img/SyedStep1/1.jpg]
[www.kluvcoin.io/img/SyedStep1/2.jpg]
[www.kluvcoin.io/img/SyedStep1/3.jpg]
[www.kluvcoin.io/img/SyedStep1/4.jpg]
[www.kluvcoin.io/img/SyedStep1/5.jpg]
[www.kluvcoin.io/img/SyedStep1/6.jpg]
[www.kluvcoin.io/img/SyedStep1/7.jpg]
[www.kluvcoin.io/img/SyedStep1/8.jpg]
[www.kluvcoin.io/img/SyedStep1/9.jpg]
[www.kluvcoin.io/img/SyedStep1/10.jpg]
[www.kluvcoin.io/img/SyedStep1/11.jpg]
[www.kluvcoin.io/img/SyedStep1/12.jpg]
[www.kluvcoin.io/img/SyedStep1/13.jpg]
[www.kluvcoin.io/img/SyedStep1/14.jpg]
[www.kluvcoin.io/img/SyedStep1/17.jpg]
[www.kluvcoin.io/img/SyedStep1/15.jpg]
[www.kluvcoin.io/img/SyedStep1/19.jpg]
[www.kluvcoin.io/img/SyedStep1/22.jpg]
[www.kluvcoin.io/img/SyedStep1/23.jpg]
[www.kluvcoin.io/img/SyedStep1/24.jpg]
[www.kluvcoin.io/img/SyedStep1/25.jpg]
[www.kluvcoin.io/img/SyedStep1/26.jpg]
[www.kluvcoin.io/img/SyedStep1/27.jpg]
[www.kluvcoin.io/img/SyedStep1/28.jpg]
[www.kluvcoin.io/img/SyedStep1/29.jpg]
[www.kluvcoin.io/img/SyedStep1/30.jpg]
[www.kluvcoin.io/img/SyedStep1/31.jpg]
[www.kluvcoin.io/img/SyedStep1/32.jpg]
[www.kluvcoin.io/img/SyedStep1/33.jpg]
[www.kluvcoin.io/img/SyedStep1/34.jpg]
[www.kluvcoin.io/img/SyedStep1/36.jpg]
[www.kluvcoin.io/img/SyedStep2/1.jpg]
[www.kluvcoin.io/img/SyedStep2/2.jpg]
[www.kluvcoin.io/img/SyedStep2/3.jpg]
[www.kluvcoin.io/img/SyedStep2/4.jpg]
[www.kluvcoin.io/img/SyedStep2/5.jpg]
[www.kluvcoin.io/img/SyedStep2/6.jpg]
[www.kluvcoin.io/img/SyedStep2/7.jpg]
[www.kluvcoin.io/img/SyedStep2/8.jpg]
[www.kluvcoin.io/img/SyedStep2/9.jpg]
[www.kluvcoin.io/img/SyedStep2/10.jpg]
[www.kluvcoin.io/img/SyedStep2/11.jpg]
[www.kluvcoin.io/img/SyedStep3/1.jpg]
[www.kluvcoin.io/img/SyedStep3/2.jpg]
[www.kluvcoin.io/img/SyedStep3/3.jpg]
[www.kluvcoin.io/img/SyedStep3/4.jpg]
[www.kluvcoin.io/img/SyedStep3/5.jpg]
[www.kluvcoin.io/img/SyedStep3/6.jpg]
[www.kluvcoin.io/img/SyedStep3/7.jpg]
[www.kluvcoin.io/img/SyedStep3/8.jpg]
[www.kluvcoin.io/img/SyedStep3/9.jpg]
[www.kluvcoin.io/img/SyedStep3/10.jpg]
[www.kluvcoin.io/img/SyedPresscon/1.jpg]
[www.kluvcoin.io/img/SyedPresscon/6.jpg]
[www.kluvcoin.io/img/SyedPresscon/3.jpg]
[www.kluvcoin.io/img/SyedPresscon/4.jpg]
[www.kluvcoin.io/img/SyedPresscon/5.jpg]
[www.kluvcoin.io/img/SyedPresscon/7.jpg]
[www.kluvcoin.io/img/SyedPresscon/8.jpg]
[www.kluvcoin.io/img/SyedPresscon/9.jpg]
[www.kluvcoin.io/img/SyedPresscon/10.jpg]
[www.kluvcoin.io/img/SyedPresscon/11.jpg]
[www.kluvcoin.io/img/SyedPresscon/12.jpg]
[www.kluvcoin.io/img/SyedPresscon/13.jpg]
[www.kluvcoin.io/img/SyedPresscon/14.jpg]
[www.kluvcoin.io/img/SyedPresscon/15.jpg]
[www.kluvcoin.io/img/sanowar_step2/6.jpg]
[www.kluvcoin.io/img/sanowar_step2/1.jpg]
[www.kluvcoin.io/img/sanowar_step2/2.jpg]
[www.kluvcoin.io/img/sanowar_step2/3.jpg]
[www.kluvcoin.io/img/sanowar_step2/4.jpg]
[www.kluvcoin.io/img/sanowar_step2/5.jpg]
[www.kluvcoin.io/img/sanowar_step1/1.jpg]
[www.kluvcoin.io/img/sanowar_step1/2.jpg]
[www.kluvcoin.io/img/sanowar_step1/3.jpg]
[www.kluvcoin.io/img/sanowar_step1/4.jpg]
[www.kluvcoin.io/img/sanowar_step1/5.jpg]
[www.kluvcoin.io/img/sanowar_step1/6.jpg]
[www.kluvcoin.io/img/sanowar_step1/7.jpg]
[www.kluvcoin.io/img/sanowar_step1/8.jpg]
[www.kluvcoin.io/img/sanowar_step1/9.jpg]
[www.kluvcoin.io/img/sanowar_step1/10.jpg]
[www.kluvcoin.io/img/sanowar_step1/11.jpg]
[www.kluvcoin.io/img/sanowar_step1/12.jpg]
[www.kluvcoin.io/img/sanowar_step1/13.jpg]
[www.kluvcoin.io/img/sanowar_step1/14.jpg]
[www.kluvcoin.io/img/sanowar_step1/15.jpg]
[www.kluvcoin.io/img/sanowar_step1/16.jpg]
[www.kluvcoin.io/img/sanowar_step1/17.jpg]
[www.kluvcoin.io/img/sanowar_step1/18.jpg]
[www.kluvcoin.io/img/sanowar_step1/19.jpg]
[www.kluvcoin.io/img/sanowar_step1/20.jpg]
[www.kluvcoin.io/img/sanowar_step1/21.jpg]
[www.kluvcoin.io/img/sanowar_step1/22.jpg]
[www.kluvcoin.io/img/sanowar_step1/23.jpg]
[www.kluvcoin.io/img/sanowar_step1/24.jpg]
[www.kluvcoin.io/img/sanowar_step1/25.jpg]
[www.kluvcoin.io/img/sanowar_step1/26.jpg]
[www.kluvcoin.io/img/sanowar_step1/27.jpg]
[www.kluvcoin.io/img/sanowar_step1/28.jpg]
[www.kluvcoin.io/img/sanowar_step1/29.jpg]
[www.kluvcoin.io/img/sanowar_step1/30.jpg]
[www.kluvcoin.io/img/sanowar_step1/31.jpg]
[www.kluvcoin.io/img/sanowar_step1/32.jpg]
[www.kluvcoin.io/img/sanowar_step1/33.jpg]
[www.kluvcoin.io/img/sanowar_step1/34.jpg]
[www.kluvcoin.io/img/sanowar_step1/35.jpg]
[www.kluvcoin.io/img/sanowar_step1/36.jpg]
[www.kluvcoin.io/img/sanowar_step1/37.jpg]
[www.kluvcoin.io/img/sanowar_step1/38.jpg]
[www.kluvcoin.io/img/sanowar_step1/39.jpg]
[www.kluvcoin.io/img/sanowar_step1/40.jpg]
[www.kluvcoin.io/img/sanowar_step1/41.jpg]
[www.kluvcoin.io/img/sanowar_step1/42.jpg]
[www.kluvcoin.io/img/sanowar_step1/43.jpg]
[www.kluvcoin.io/img/sanowar_step1/44.jpg]
[www.kluvcoin.io/img/sanowar_step1/45.jpg]
[www.kluvcoin.io/img/sanowar_step1/46.jpg]
[www.kluvcoin.io/img/sanowar_step1/47.jpg]
[www.kluvcoin.io/img/sanowar_step1/48.jpg]
[www.kluvcoin.io/img/sanowar_step1/49.jpg]
[www.kluvcoin.io/img/sanowar_step1/50.jpg]
[www.kluvcoin.io/img/sanowar_step1/51.jpg]
[www.kluvcoin.io/img/sanowar_step1/52.jpg]
[www.kluvcoin.io/img/sanowar_step1/53.jpg]
[www.kluvcoin.io/img/sanowar_step1/54.jpg]
[www.kluvcoin.io/img/sanowar_step1/55.jpg]
[www.kluvcoin.io/img/sanowar_step3/1.jpg]
[www.kluvcoin.io/img/sanowar_step3/2.jpg]
[www.kluvcoin.io/img/sanowar_step3/3.jpg]
[www.kluvcoin.io/img/sanowar_step3/4.jpg]
[www.kluvcoin.io/img/sanowar_step3/5.jpg]
[www.kluvcoin.io/img/sanowar_step3/6.jpg]
[www.kluvcoin.io/img/sanowar_step3/7.jpg]
[www.kluvcoin.io/img/sanowar_step3/8.jpg]
[www.kluvcoin.io/img/sanowar_step3/9.jpg]
[www.kluvcoin.io/img/sanowar_step3/10.jpg]
[www.kluvcoin.io/img/sanowar_step3/11.jpg]
[www.kluvcoin.io/img/sanowar_step3/12.jpg]
[www.kluvcoin.io/img/sanowar_step3/13.jpg]
[www.kluvcoin.io/img/sanowar_step3/14.jpg]
[www.kluvcoin.io/img/sanowar_step3/15.jpg]
[www.kluvcoin.io/img/sanowar_step3/16.jpg]
[www.kluvcoin.io/img/sanowar_step3/17.jpg]
[www.kluvcoin.io/img/sanowar_step3/18.jpg]
[www.kluvcoin.io/img/sanowar_step3/19.jpg]
[www.kluvcoin.io/img/sanowar_step3/20.jpg]
[www.kluvcoin.io/img/sanowar_step3/21.jpg]
[www.kluvcoin.io/img/sanowar_step3/22.jpg]
[www.kluvcoin.io/img/sanowar_step3/23.jpg]
[www.kluvcoin.io/img/sanowar_step3/24.jpg]
[www.kluvcoin.io/img/sanowar_step3/25.jpg]
[www.kluvcoin.io/img/sanowar_step3/26.jpg]
[www.kluvcoin.io/img/sanowar_step3/27.jpg]
[www.kluvcoin.io/img/sanowar_step3/28.jpg]
[www.kluvcoin.io/img/sanowar_step3/29.jpg]
[www.kluvcoin.io/img/sanowar_step3/30.jpg]
[www.kluvcoin.io/img/sanowar_step3/31.jpg]
[www.kluvcoin.io/img/sanowar_step3/32.jpg]
[www.kluvcoin.io/img/sanowar_step3/33.jpg]
[www.kluvcoin.io/img/sanowar_step3/34.jpg]
[www.kluvcoin.io/img/sanowar_step3/35.jpg]
[www.kluvcoin.io/img/sanowar_step3/36.jpg]
[www.kluvcoin.io/img/sanowar_step3/37.jpg]
[www.kluvcoin.io/img/in-ex-ricebags/1.jpg]
[www.kluvcoin.io/img/in-ex-ricebags/2.jpg]
[www.kluvcoin.io/img/in-ex-ricebags/3.jpg]
[www.kluvcoin.io/img/in-ex-ricebags/4.jpg]
[www.kluvcoin.io/img/in-ex-ricebags/5.jpg]
[www.kluvcoin.io/img/in-ex-ricebags/6.jpg]
[www.kluvcoin.io/img/in-ex-ricebags/7.jpg]
[www.kluvcoin.io/img/in-ex-ricebags/8.jpg]
[www.kluvcoin.io/img/in-ex-ricebags/9.jpg]
[www.kluvcoin.io/img/in-ex-ricebags/10.jpg]
[www.kluvcoin.io/img/in-ex-ricebags/11.jpg]
[www.kluvcoin.io/img/in-ex-ricebags/12.jpg]
[www.kluvcoin.io/img/in-ex-ricebags/13.jpg]
[www.kluvcoin.io/img/in-ex-ricebags/14.jpg]
[www.kluvcoin.io/img/in-ex-ricebags/15.jpg]
[www.kluvcoin.io/img/in-ex-ricebags/16.jpg]
[www.kluvcoin.io/img/in-ex-ricebags/17.jpg]
[www.kluvcoin.io/img/in-ex-ricebags/18.jpg]
[www.kluvcoin.io/img/in-ex-ricebags/19.jpg]
[www.kluvcoin.io/img/in-ex-ricebags/20.jpg]
[www.kluvcoin.io/img/in-ex-ricebags/21.jpg]
[www.kluvcoin.io/img/in-ex-ricebags/22.jpg]
[www.kluvcoin.io/img/in-ex-ricebags/23.jpg]
[www.kluvcoin.io/img/in-ex-ricebags/24.jpg]
[www.kluvcoin.io/img/in-ex-ricebags/25.jpg]
[www.kluvcoin.io/img/in-ex-ricebags/26.jpg]
[www.kluvcoin.io/img/in-ex-ricebags/27.jpg]
[www.kluvcoin.io/img/in-ex-ricebags/28.jpg]
[www.kluvcoin.io/img/in-ex-ricebags/29.jpg]
[www.kluvcoin.io/img/in-ex-ricebags/30.jpg]
[www.kluvcoin.io/img/sanowar/receipt.jpg]
[www.kluvcoin.io/img/sanowar/gallery/1.jpg]
[www.kluvcoin.io/img/sanowar/gallery/2.jpg]
[www.kluvcoin.io/img/sanowar/gallery/3.jpg]
[www.kluvcoin.io/img/sanowar/gallery/4.jpg]
[www.kluvcoin.io/img/sanowar/gallery/5.jpg]
[www.kluvcoin.io/img/sanowar/gallery/6.jpg]
[www.kluvcoin.io/img/sanowar/gallery/7.jpg]
[www.kluvcoin.io/img/sanowar/gallery/8.jpg]
[www.kluvcoin.io/img/sanowar/gallery/9.jpg]
[www.kluvcoin.io/img/sanowar/gallery/11.jpg]
[www.kluvcoin.io/img/sanowar/gallery/12.jpg]
[www.kluvcoin.io/img/sanowar/gallery/13.jpg]
[www.kluvcoin.io/img/sanowar/gallery/14.jpg]
[www.kluvcoin.io/img/sanowar/gallery/15.jpg]
[www.kluvcoin.io/img/sanowar/gallery/16.jpg]
[www.kluvcoin.io/img/sanowar/gallery/17.jpg]
[www.kluvcoin.io/img/sanowar/gallery/18.jpg]
[www.kluvcoin.io/img/sanowar/gallery/19.jpg]
[www.kluvcoin.io/img/sanowar/gallery/20.jpg]
[www.kluvcoin.io/img/sanowar/gallery/21.jpg]
[www.kluvcoin.io/img/sanowar/gallery/22.jpg]
[www.kluvcoin.io/img/sanowar/gallery/23.jpg]
[www.kluvcoin.io/img/sanowar/gallery/24.jpg]
[www.kluvcoin.io/img/sanowar/gallery/25.jpg]
[www.kluvcoin.io/img/sanowar/gallery/26.jpg]
[www.kluvcoin.io/img/sanowar/gallery/27.jpg]
[www.kluvcoin.io/img/sanowar/gallery/28.jpg]
[www.kluvcoin.io/img/sanowar/gallery/29.jpg]
[www.kluvcoin.io/img/sanowar/gallery/30.jpg]
[www.kluvcoin.io/img/sanowar/gallery/31.jpg]
[www.kluvcoin.io/img/sanowar/gallery/32.jpg]
[www.kluvcoin.io/img/sanowar/gallery/33.jpg]
[www.kluvcoin.io/img/sanowar/gallery/34.jpg]
[www.kluvcoin.io/img/sanowar/gallery/35.jpg]
[www.kluvcoin.io/img/sanowar/gallery/36.jpg]
[www.kluvcoin.io/img/sanowar/gallery/37.jpg]
[www.kluvcoin.io/img/sanowar/gallery/38.jpg]
[www.kluvcoin.io/img/sanowar/gallery/39.jpg]
[www.kluvcoin.io/img/sanowar/gallery/40.jpg]
[www.kluvcoin.io/img/sanowar/gallery/41.jpg]
[www.kluvcoin.io/img/sanowar/gallery/42.jpg]
[www.kluvcoin.io/img/sanowar/gallery/43.jpg]
[www.kluvcoin.io/img/sanowar/gallery/44.jpg]
[www.kluvcoin.io/img/sanowar/gallery/45.jpg]
[www.kluvcoin.io/img/sanowar/gallery/46.jpg]
[www.kluvcoin.io/img/sanowar/gallery/47.jpg]
[www.kluvcoin.io/img/sanowar/gallery/48.jpg]
[www.kluvcoin.io/img/sanowar/gallery/49.jpg]
[www.kluvcoin.io/img/sanowar/gallery/50.jpg]
[www.kluvcoin.io/img/in-ex-event/1.jpg]
[www.kluvcoin.io/img/in-ex-event/2.jpg]
[www.kluvcoin.io/img/in-ex-event/3.jpg]
[www.kluvcoin.io/img/in-ex-event/4.jpg]
[www.kluvcoin.io/img/in-ex-event/5.jpg]
[www.kluvcoin.io/img/in-ex-event/6.jpg]
[www.kluvcoin.io/img/in-ex-event/7.jpg]
[www.kluvcoin.io/img/in-ex-event/8.jpg]
[www.kluvcoin.io/img/in-ex-event/9.jpg]
[www.kluvcoin.io/img/in-ex-event/10.jpg]
[www.kluvcoin.io/img/in-ex-event/11.jpg]
[www.kluvcoin.io/img/in-ex-event/12.jpg]
[www.kluvcoin.io/img/in-ex-event/13.jpg]
[www.kluvcoin.io/img/in-ex-event/14.jpg]
[www.kluvcoin.io/img/in-ex-event/15.jpg]
[www.kluvcoin.io/img/in-ex-event/16.jpg]
[www.kluvcoin.io/img/in-ex-event/17.jpg]
[www.kluvcoin.io/img/in-ex-event/18.jpg]
[www.kluvcoin.io/img/in-ex-event/19.jpg]
[www.kluvcoin.io/img/in-ex-event/20.jpg]
[www.kluvcoin.io/img/in-ex-event/21.jpg]
[www.kluvcoin.io/img/in-ex-event/22.jpg]
[www.kluvcoin.io/img/in-ex-event/23.jpg]
[www.kluvcoin.io/img/in-ex-event/24.jpg]
[www.kluvcoin.io/img/in-ex-event/25.jpg]
[www.kluvcoin.io/img/in-ex-event/26.jpg]
[www.kluvcoin.io/img/in-ex-event/27.jpg]
[www.kluvcoin.io/img/in-ex-event/28.jpg]
[www.kluvcoin.io/img/in-ex-event/29.jpg]
[www.kluvcoin.io/img/in-ex-event/30.jpg]
[www.kluvcoin.io/img/in-ex-event/31.jpg]
[www.kluvcoin.io/img/in-ex-event/32.jpg]
[www.kluvcoin.io/img/exellency_aug15/receipt/1.jpg]
[www.kluvcoin.io/img/exellency_aug15/event/1.jpg]
[www.kluvcoin.io/img/exellency_aug15/event/2.jpg]
[www.kluvcoin.io/img/exellency_aug15/event/3.jpg]
[www.kluvcoin.io/img/exellency_aug15/event/4.jpg]
[www.kluvcoin.io/img/exellency_aug15/event/5.jpg]
[www.kluvcoin.io/img/exellency_aug15/event/6.jpg]
[www.kluvcoin.io/img/exellency_aug15/event/7.jpg]
[www.kluvcoin.io/img/exellency_aug15/event/8.jpg]
[www.kluvcoin.io/img/exellency_aug15/event/9.jpg]
[www.kluvcoin.io/img/exellency_aug15/event/10.jpg]
[www.kluvcoin.io/img/exellency_aug15/event/11.jpg]
[www.kluvcoin.io/img/exellency_aug15/event/12.jpg]
[www.kluvcoin.io/img/exellency_aug15/event/13.jpg]
[www.kluvcoin.io/img/exellency_aug15/event/14.jpg]
[www.kluvcoin.io/img/exellency_aug15/event/15.jpg]
[www.kluvcoin.io/img/exellency_aug15/event/16.jpg]
[www.kluvcoin.io/img/exellency_aug15/event/17.jpg]
[www.kluvcoin.io/img/exellency_aug15/event/18.jpg]
[www.kluvcoin.io/img/exellency_aug15/event/19.jpg]
[www.kluvcoin.io/img/exellency_aug15/event/20.jpg]
[www.kluvcoin.io/img/exellency_aug15/event/21.jpg]
[www.kluvcoin.io/img/exellency_aug15/event/22.jpg]
[www.kluvcoin.io/img/exellency_aug15/event/23.jpg]
[www.kluvcoin.io/img/exellency_aug15/event/24.jpg]
[www.kluvcoin.io/img/exellency_aug15/event/25.jpg]
[www.kluvcoin.io/img/exellency_aug15/event/26.jpg]
[www.kluvcoin.io/img/exellency_aug15/event/27.jpg]
[www.kluvcoin.io/img/exellency_aug15/event/28.jpg]
[www.kluvcoin.io/img/exellency_aug15/event/29.jpg]
[www.kluvcoin.io/img/exellency_aug15/event/30.jpg]
[www.kluvcoin.io/img/exellency_aug15/event/31.jpg]
[www.kluvcoin.io/img/exellency_aug15/event/32.jpg]
[www.kluvcoin.io/img/exellency_aug15/event/33.jpg]
[www.kluvcoin.io/img/exellency_aug15/event/34.jpg]
[www.kluvcoin.io/img/Syed2.jpg]
[www.kluvcoin.io/img/india-round2/84.jpg]
[www.kluvcoin.io/img/india-round2/85.jpg]
[www.kluvcoin.io/img/india-round2/86.jpg]
[www.kluvcoin.io/img/india-round2/87.jpg]
[www.kluvcoin.io/img/india-round2/88.jpg]
[www.kluvcoin.io/img/india-round2/89.jpg]
[www.kluvcoin.io/img/india-round2/76.jpg]
[www.kluvcoin.io/img/india-round2/77.jpg]
[www.kluvcoin.io/img/india-round2/78.jpg]
[www.kluvcoin.io/img/india-round2/79.jpg]
[www.kluvcoin.io/img/india-round2/80.jpg]
[www.kluvcoin.io/img/india-round2/81.jpg]
[www.kluvcoin.io/img/india-round2/82.jpg]
[www.kluvcoin.io/img/india-round2/83.jpg]
[www.kluvcoin.io/img/india-round2/1.jpg]
[www.kluvcoin.io/img/india-round2/2.jpg]
[www.kluvcoin.io/img/india-round2/3.jpg]
[www.kluvcoin.io/img/india-round2/4.jpg]
[www.kluvcoin.io/img/india-round2/5.jpg]
[www.kluvcoin.io/img/india-round2/6.jpg]
[www.kluvcoin.io/img/india-round2/7.jpg]
[www.kluvcoin.io/img/india-round2/8.jpg]
[www.kluvcoin.io/img/india-round2/9.jpg]
[www.kluvcoin.io/img/india-round2/10.jpg]
[www.kluvcoin.io/img/india-round2/11.jpg]
[www.kluvcoin.io/img/india-round2/12.jpg]
[www.kluvcoin.io/img/india-round2/13.jpg]
[www.kluvcoin.io/img/india-round2/14.jpg]
[www.kluvcoin.io/img/india-round2/15.jpg]
[www.kluvcoin.io/img/india-round2/16.jpg]
[www.kluvcoin.io/img/india-round2/17.jpg]
[www.kluvcoin.io/img/india-round2/18.jpg]
[www.kluvcoin.io/img/india-round2/19.jpg]
[www.kluvcoin.io/img/india-round2/20.jpg]
[www.kluvcoin.io/img/india-round2/21.jpg]
[www.kluvcoin.io/img/india-round2/22.jpg]
[www.kluvcoin.io/img/india-round2/23.jpg]
[www.kluvcoin.io/img/india-round2/24.jpg]
[www.kluvcoin.io/img/india-round2/25.jpg]
[www.kluvcoin.io/img/india-round2/26.jpg]
[www.kluvcoin.io/img/india-round2/27.jpg]
[www.kluvcoin.io/img/india-round2/28.jpg]
[www.kluvcoin.io/img/india-round2/29.jpg]
[www.kluvcoin.io/img/india-round2/30.jpg]
[www.kluvcoin.io/img/india-round2/31.jpg]
[www.kluvcoin.io/img/india-round2/32.jpg]
[www.kluvcoin.io/img/india-round2/33.jpg]
[www.kluvcoin.io/img/india-round2/34.jpg]
[www.kluvcoin.io/img/india-round2/35.jpg]
[www.kluvcoin.io/img/india-round2/36.jpg]
[www.kluvcoin.io/img/india-round2/37.jpg]
[www.kluvcoin.io/img/india-round2/38.jpg]
[www.kluvcoin.io/img/india-round2/39.jpg]
[www.kluvcoin.io/img/india-round2/40.jpg]
[www.kluvcoin.io/img/india-round2/41.jpg]
[www.kluvcoin.io/img/india-round2/42.jpg]
[www.kluvcoin.io/img/india-round2/43.jpg]
[www.kluvcoin.io/img/india-round2/44.jpg]
[www.kluvcoin.io/img/india-round2/45.jpg]
[www.kluvcoin.io/img/india-round2/46.jpg]
[www.kluvcoin.io/img/india-round2/47.jpg]
[www.kluvcoin.io/img/india-round2/48.jpg]
[www.kluvcoin.io/img/india-round2/49.jpg]
[www.kluvcoin.io/img/india-round2/50.jpg]
[www.kluvcoin.io/img/india-round2/51.jpg]
[www.kluvcoin.io/img/india-round2/52.jpg]
[www.kluvcoin.io/img/india-round2/53.jpg]
[www.kluvcoin.io/img/india-round2/54.jpg]
[www.kluvcoin.io/img/india-round2/55.jpg]
[www.kluvcoin.io/img/india-round2/56.jpg]
[www.kluvcoin.io/img/india-round2/57.jpg]
[www.kluvcoin.io/img/india-round2/58.jpg]
[www.kluvcoin.io/img/india-round2/59.jpg]
[www.kluvcoin.io/img/india-round2/60.jpg]
[www.kluvcoin.io/img/india-round2/61.jpg]
[www.kluvcoin.io/img/india-round2/62.jpg]
[www.kluvcoin.io/img/india-round2/63.jpg]
[www.kluvcoin.io/img/india-round2/64.jpg]
[www.kluvcoin.io/img/india-round2/65.jpg]
[www.kluvcoin.io/img/india-round2/66.jpg]
[www.kluvcoin.io/img/india-round2/67.jpg]
[www.kluvcoin.io/img/india-round2/68.jpg]
[www.kluvcoin.io/img/india-round2/69.jpg]
[www.kluvcoin.io/img/india-round2/70.jpg]
[www.kluvcoin.io/img/india-round2/71.jpg]
[www.kluvcoin.io/img/india-round2/72.jpg]
[www.kluvcoin.io/img/india-round2/73.jpg]
[www.kluvcoin.io/img/india-round2/74.jpg]
[www.kluvcoin.io/img/india-round2/75.jpg]
[www.kluvcoin.io/img/innocentreceipt/1.jpg]
[www.kluvcoin.io/img/innocentreceipt/2.jpg]
[www.kluvcoin.io/img/innocentreceipt/3.jpg]
[www.kluvcoin.io/img/innocentreceipt/4.jpg]
[www.kluvcoin.io/img/innocentreceipt/5.jpg]
[www.kluvcoin.io/img/innocentreceipt/6.jpg]
[www.kluvcoin.io/img/innocentreceipt/7.jpg]
[www.kluvcoin.io/img/innocentreceipt/8.png]
[www.kluvcoin.io/img/Innocent Step 1/1.jpg]
[www.kluvcoin.io/img/Innocent Step 1/2.jpg]
[www.kluvcoin.io/img/Innocent Step 1/3.jpg]
[www.kluvcoin.io/img/Innocent Step 1/4.jpg]
[www.kluvcoin.io/img/Innocent Step 1/5.jpg]
[www.kluvcoin.io/img/Innocent Step 1/6.jpg]
[www.kluvcoin.io/img/Innocent Step 1/7.jpg]
[www.kluvcoin.io/img/Innocent Step 1/8.jpg]
[www.kluvcoin.io/img/Innocent Step 1/9.jpg]
[www.kluvcoin.io/img/Innocent Step 1/10.jpg]
[www.kluvcoin.io/img/Innocent Step 1/11.jpg]
[www.kluvcoin.io/img/Innocent Step 1/12.jpg]
[www.kluvcoin.io/img/Innocent Step 1/13.jpg]
[www.kluvcoin.io/img/Innocent Step 1/14.jpg]
[www.kluvcoin.io/img/Innocent Step 1/15.jpg]
[www.kluvcoin.io/img/Innocent Step 2/1.jpg]
[www.kluvcoin.io/img/Innocent Step 2/2.jpg]
[www.kluvcoin.io/img/Innocent Step 2/3.jpg]
[www.kluvcoin.io/img/Innocent Step 2/4.jpg]
[www.kluvcoin.io/img/Innocent Step 2/5.jpg]
[www.kluvcoin.io/img/Innocent Step 2/6.jpg]
[www.kluvcoin.io/img/Innocent Step 2/7.jpg]
[www.kluvcoin.io/img/Innocent Step 2/8.jpg]
[www.kluvcoin.io/img/Innocent Step 2/9.jpg]
[www.kluvcoin.io/img/Innocent Step 2/10.jpg]
[www.kluvcoin.io/img/Innocent Step 2/11.jpg]
[www.kluvcoin.io/img/Innocent Step 2/12.jpg]
[www.kluvcoin.io/img/Innocent Step 2/13.jpg]
[www.kluvcoin.io/img/Innocent Step 2/14.jpg]
[www.kluvcoin.io/img/Innocent Step 2/15.jpg]
[www.kluvcoin.io/img/Innocent Step 2/16.jpg]
[www.kluvcoin.io/img/Innocent Step 2/17.jpg]
[www.kluvcoin.io/img/Innocent Step 2/18.jpg]
[www.kluvcoin.io/img/Innocent Step 2/19.jpg]
[www.kluvcoin.io/img/Innocent Step 2/20.jpg]
[www.kluvcoin.io/img/Innocent Step 2/21.jpg]
[www.kluvcoin.io/img/Innocent Step 2/22.jpg]
[www.kluvcoin.io/img/Innocent Step 2/23.jpg]
[www.kluvcoin.io/img/Innocent Step 2/24.jpg]
[www.kluvcoin.io/img/Innocent Step 2/25.jpg]
[www.kluvcoin.io/img/Innocent Step 2/26.jpg]
[www.kluvcoin.io/img/Innocent Step 2/27.jpg]
[www.kluvcoin.io/img/Innocent Step 2/28.jpg]
[www.kluvcoin.io/img/Innocent Step 2/29.jpg]
[www.kluvcoin.io/img/Innocent Step 2/30.jpg]
[www.kluvcoin.io/img/Innocent Step 3/1.jpg]
[www.kluvcoin.io/img/Innocent Step 3/2.jpg]
[www.kluvcoin.io/img/Innocent Step 3/3.jpg]
[www.kluvcoin.io/img/Innocent Step 3/4.jpg]
[www.kluvcoin.io/img/Innocent Step 3/5.jpg]
[www.kluvcoin.io/img/Innocent Step 3/6.jpg]
[www.kluvcoin.io/img/Innocent Step 3/7.jpg]
[www.kluvcoin.io/img/Innocent Step 3/8.jpg]
[www.kluvcoin.io/img/Innocent Step 3/9.jpg]
[www.kluvcoin.io/img/Innocent Step 3/10.jpg]
[www.kluvcoin.io/img/Innocent Step 3/11.jpg]
[www.kluvcoin.io/img/Innocent Step 3/12.jpg]
[www.kluvcoin.io/img/Innocent Step 3/13.jpg]
[www.kluvcoin.io/img/Innocent Step 3/14.jpg]
[www.kluvcoin.io/img/Innocent Step 3/15.jpg]
[www.kluvcoin.io/img/Innocent Step 3/16.jpg]
[www.kluvcoin.io/img/Innocent Step 3/17.jpg]
[www.kluvcoin.io/img/Innocent Step 3/18.jpg]
[www.kluvcoin.io/img/Innocent Step 3/19.jpg]
[www.kluvcoin.io/img/Innocent Step 3/20.jpg]
[www.kluvcoin.io/img/Innocent Step 3/21.jpg]
[www.kluvcoin.io/img/Innocent Step 3/22.jpg]
[www.kluvcoin.io/img/Innocent Step 3/23.jpg]
[www.kluvcoin.io/img/Innocent Step 3/24.jpg]
[www.kluvcoin.io/img/Innocent Step 3/25.jpg]
[www.kluvcoin.io/img/Innocent Step 3/26.jpg]
[www.kluvcoin.io/img/Innocent Step 3/27.jpg]
[www.kluvcoin.io/img/Innocent Step 3/28.jpg]
[www.kluvcoin.io/img/Innocent Step 3/29.jpg]
[www.kluvcoin.io/img/Innocent Step 3/30.jpg]
[www.kluvcoin.io/img/Innocent Step 3/31.jpg]
[www.kluvcoin.io/img/Innocent Step 3/32.jpg]
[www.kluvcoin.io/img/Innocent Step 3/33.jpg]
[www.kluvcoin.io/img/Innocent Step 3/34.jpg]
[www.kluvcoin.io/img/Innocent Step 3/35.jpg]
[www.kluvcoin.io/img/Innocent Step 3/36.jpg]
[www.kluvcoin.io/img/Innocent Step 3/37.jpg]
[www.kluvcoin.io/img/Innocent Step 3/38.jpg]
[www.kluvcoin.io/img/Innocent Step 3/39.jpg]
[www.kluvcoin.io/img/Innocent Step 3/40.jpg]
[www.kluvcoin.io/img/Innocent Step 3/41.jpg]
[www.kluvcoin.io/img/Innocent Step 3/42.jpg]
[www.kluvcoin.io/img/Innocent Step 3/43.jpg]
[www.kluvcoin.io/img/Innocent Step 3/44.jpg]
[www.kluvcoin.io/img/Innocent Step 3/45.jpg]
[www.kluvcoin.io/img/Innocent Step 3/46.jpg]
[www.kluvcoin.io/img/Innocent Step 3/47.jpg]
[www.kluvcoin.io/img/Innocent Step 3/48.jpg]
[www.kluvcoin.io/img/Innocent Step 3/49.jpg]
[www.kluvcoin.io/img/Innocent Step 3/50.jpg]
[www.kluvcoin.io/img/Innocent Step 3/51.jpg]
[www.kluvcoin.io/img/Innocent Step 3/52.jpg]
[www.kluvcoin.io/img/Innocent Step 3/53.jpg]
[www.kluvcoin.io/img/Innocent Step 3/54.jpg]
[www.kluvcoin.io/img/Innocent Step 3/55.jpg]
[www.kluvcoin.io/img/Innocent Step 3/56.jpg]
[www.kluvcoin.io/img/R2_Keiba.jpg]
[www.kluvcoin.io/img/keiba_round2/receipt/1.jpg]
[www.kluvcoin.io/img/keiba_round2/receipt/2.jpg]
[www.kluvcoin.io/img/keiba_round2/receipt/3.jpg]
[www.kluvcoin.io/img/keiba_round2/receipt/4.jpg]
[www.kluvcoin.io/img/keiba_round2/receipt/5.jpg]
[www.kluvcoin.io/img/keiba_round2/ads/1.jpg]
[www.kluvcoin.io/img/keiba_round2/ads/2.jpg]
[www.kluvcoin.io/img/keiba_round2/preparations/1.jpg]
[www.kluvcoin.io/img/keiba_round2/preparations/2.jpg]
[www.kluvcoin.io/img/keiba_round2/preparations/3.jpg]
[www.kluvcoin.io/img/keiba_round2/banner/1.jpg]
[www.kluvcoin.io/img/keiba_round2/marching_band/1.jpg]
[www.kluvcoin.io/img/keiba_round2/marching_band/2.jpg]
[www.kluvcoin.io/img/keiba_round2/marching_band/7.jpg]
[www.kluvcoin.io/img/keiba_round2/marching_band/3.jpg]
[www.kluvcoin.io/img/keiba_round2/marching_band/4.jpg]
[www.kluvcoin.io/img/keiba_round2/marching_band/5.jpg]
[www.kluvcoin.io/img/keiba_round2/marching_band/6.jpg]
[www.kluvcoin.io/img/keiba_round2/opening_official/1.jpg]
[www.kluvcoin.io/img/keiba_round2/opening_official/2.jpg]
[www.kluvcoin.io/img/keiba_round2/opening_official/7.jpg]
[www.kluvcoin.io/img/keiba_round2/opening_official/3.jpg]
[www.kluvcoin.io/img/keiba_round2/opening_official/4.jpg]
[www.kluvcoin.io/img/keiba_round2/opening_official/5.jpg]
[www.kluvcoin.io/img/keiba_round2/opening_official/6.jpg]
[www.kluvcoin.io/img/keiba_round2/official_delivery/1.jpg]
[www.kluvcoin.io/img/keiba_round2/official_delivery/2.jpg]
[www.kluvcoin.io/img/keiba_round2/official_delivery/3.jpg]
[www.kluvcoin.io/img/keiba_round2/official_delivery/4.jpg]
[www.kluvcoin.io/img/keiba_round2/official_delivery/5.jpg]
[www.kluvcoin.io/img/keiba_round2/official_delivery/6.jpg]
[www.kluvcoin.io/img/keiba_round2/official_delivery/7.jpg]
[www.kluvcoin.io/img/keiba_round2/official_delivery/8.jpg]
[www.kluvcoin.io/img/keiba_round2/official_delivery/9.jpg]
[www.kluvcoin.io/img/keiba_round2/official_delivery/10.jpg]
[www.kluvcoin.io/img/keiba_round2/official_delivery/11.jpg]
[www.kluvcoin.io/img/keiba_round2/official_delivery/12.jpg]
[www.kluvcoin.io/img/keiba_round2/official_delivery/13.jpg]
[www.kluvcoin.io/img/keiba_round2/official_delivery/14.jpg]
[www.kluvcoin.io/img/keiba_round2/official_delivery/15.jpg]
[www.kluvcoin.io/img/keiba_round2/official_delivery/16.jpg]
[www.kluvcoin.io/img/keiba_round2/official_delivery/17.jpg]
[www.kluvcoin.io/img/keiba_round2/official_delivery/18.jpg]
[www.kluvcoin.io/img/keiba_round2/official_delivery/19.jpg]
[www.kluvcoin.io/img/keiba_round2/general_distribution/1.jpg]
[www.kluvcoin.io/img/keiba_round2/general_distribution/2.jpg]
[www.kluvcoin.io/img/keiba_round2/general_distribution/3.jpg]
[www.kluvcoin.io/img/keiba_round2/general_distribution/4.jpg]
[www.kluvcoin.io/img/keiba_round2/general_distribution/5.jpg]
[www.kluvcoin.io/img/keiba_round2/general_distribution/6.jpg]
[www.kluvcoin.io/img/keiba_round2/general_distribution/7.jpg]
[www.kluvcoin.io/img/keiba_round2/general_distribution/8.jpg]
[www.kluvcoin.io/img/keiba_round2/general_distribution/9.jpg]
[www.kluvcoin.io/img/keiba_round2/general_distribution/10.jpg]
[www.kluvcoin.io/img/keiba_round2/general_distribution/11.jpg]
[www.kluvcoin.io/img/keiba_round2/general_distribution/12.jpg]
[www.kluvcoin.io/img/keiba_round2/general_distribution/13.jpg]
[www.kluvcoin.io/img/keiba_round2/general_distribution/14.jpg]
[www.kluvcoin.io/img/keiba_round2/general_distribution/15.jpg]
[www.kluvcoin.io/img/keiba_round2/general_distribution/16.jpg]
[www.kluvcoin.io/img/keiba_round2/general_distribution/17.jpg]
[www.kluvcoin.io/img/keiba_round2/general_distribution/18.jpg]
[www.kluvcoin.io/img/keiba_round2/general_distribution/19.jpg]
[www.kluvcoin.io/img/keiba_round2/general_distribution/20.jpg]
[www.kluvcoin.io/img/keiba_round2/general_distribution/21.jpg]
[www.kluvcoin.io/img/keiba_round2/general_distribution/22.jpg]
[www.kluvcoin.io/img/keiba_round2/general_distribution/23.jpg]
[www.kluvcoin.io/img/keiba_round2/general_distribution/24.jpg]
[www.kluvcoin.io/img/keiba_round2/general_distribution/25.jpg]
[www.kluvcoin.io/img/keiba_round2/general_distribution/26.jpg]
[www.kluvcoin.io/img/keiba_round2/general_distribution/27.jpg]
[www.kluvcoin.io/img/keiba_round2/general_distribution/28.jpg]
[www.kluvcoin.io/img/keiba_round2/general_distribution/29.jpg]
[www.kluvcoin.io/img/keiba_round2/general_distribution/30.jpg]
[www.kluvcoin.io/img/keiba_round2/general_distribution/31.jpg]
[www.kluvcoin.io/img/keiba_round2/general_distribution/32.jpg]
[www.kluvcoin.io/img/keiba_round2/general_distribution/33.jpg]
[www.kluvcoin.io/img/keiba_round2/general_distribution/34.jpg]
[www.kluvcoin.io/img/keiba_round2/general_distribution/35.jpg]
[www.kluvcoin.io/img/augustine-obidimma.jpg]
[www.kluvcoin.io/img/augustinne_receipt/1.jpg]
[www.kluvcoin.io/img/augustinne_receipt/2.jpg]
[www.kluvcoin.io/img/augustinne_receipt/3.jpg]
[www.kluvcoin.io/img/augustinne_receipt/4.jpg]
[www.kluvcoin.io/img/augustinne_receipt/5.jpg]
[www.kluvcoin.io/img/augustinne_receipt/6.jpg]
[www.kluvcoin.io/img/augustinne_receipt/7.jpg]
[www.kluvcoin.io/img/augustinne_step1/1.jpg]
[www.kluvcoin.io/img/augustinne_step1/2.jpg]
[www.kluvcoin.io/img/augustinne_step1/3.jpg]
[www.kluvcoin.io/img/augustinne_step1/4.jpg]
[www.kluvcoin.io/img/augustinne_step1/5.jpg]
[www.kluvcoin.io/img/augustinne_step1/6.jpg]
[www.kluvcoin.io/img/augustinne_step1/7.jpg]
[www.kluvcoin.io/img/augustinne_step1/8.jpg]
[www.kluvcoin.io/img/augustinne_step1/9.jpg]
[www.kluvcoin.io/img/augustinne_step1/10.jpg]
[www.kluvcoin.io/img/augustinne_step1/11.jpg]
[www.kluvcoin.io/img/augustinne_step1/12.jpg]
[www.kluvcoin.io/img/augustinne_step1/13.jpg]
[www.kluvcoin.io/img/augustinne_step1/14.jpg]
[www.kluvcoin.io/img/augustinne_step1/15.jpg]
[www.kluvcoin.io/img/augustinne_step1/16.jpg]
[www.kluvcoin.io/img/augustinne_step1/17.jpg]
[www.kluvcoin.io/img/augustinne_step1/18.jpg]
[www.kluvcoin.io/img/augustinne_step1/19.jpg]
[www.kluvcoin.io/img/augustinne_step1/20.jpg]
[www.kluvcoin.io/img/augustinne_step1/21.jpg]
[www.kluvcoin.io/img/augustinne_step1/22.jpg]
[www.kluvcoin.io/img/augustinne_step1/23.jpg]
[www.kluvcoin.io/img/augustinne_step1/24.jpg]
[www.kluvcoin.io/img/augustinne_step1/25.jpg]
[www.kluvcoin.io/img/augustinne_step1/26.jpg]
[www.kluvcoin.io/img/augustinne_step1/27.jpg]
[www.kluvcoin.io/img/augustinne_step1/28.jpg]
[www.kluvcoin.io/img/augustinne_step1/29.jpg]
[www.kluvcoin.io/img/augustinne_step1/30.jpg]
[www.kluvcoin.io/img/augustinne_step1/31.jpg]
[www.kluvcoin.io/img/augustinne_step1/32.jpg]
[www.kluvcoin.io/img/augustinne_step1/33.jpg]
[www.kluvcoin.io/img/augustinne_step1/34.jpg]
[www.kluvcoin.io/img/augustinne_step1/35.jpg]
[www.kluvcoin.io/img/augustinne_step1/36.jpg]
[www.kluvcoin.io/img/augustinne_step1/37.jpg]
[www.kluvcoin.io/img/augustinne_step1/38.jpg]
[www.kluvcoin.io/img/augustinne_step1/39.jpg]
[www.kluvcoin.io/img/augustinne_step1/40.jpg]
[www.kluvcoin.io/img/augustinne_step1/41.jpg]
[www.kluvcoin.io/img/augustinne_step1/42.jpg]
[www.kluvcoin.io/img/augustinne_step1/43.jpg]
[www.kluvcoin.io/img/augustinne_step1/44.jpg]
[www.kluvcoin.io/img/augustinne_step1/45.jpg]
[www.kluvcoin.io/img/augustinne_step1/46.jpg]
[www.kluvcoin.io/img/augustinne_step1/47.jpg]
[www.kluvcoin.io/img/augustinne_step1/48.jpg]
[www.kluvcoin.io/img/augustinne_step1/49.jpg]
[www.kluvcoin.io/img/augustinne_step1/50.jpg]
[www.kluvcoin.io/img/augustinne_step1/51.jpg]
[www.kluvcoin.io/img/augustinne_step1/52.jpg]
[www.kluvcoin.io/img/augustinne_step1/53.jpg]
[www.kluvcoin.io/img/augustinne_step1/54.jpg]
[www.kluvcoin.io/img/augustinne_step1/55.jpg]
[www.kluvcoin.io/img/augustinne_step1/56.jpg]
[www.kluvcoin.io/img/augustinne_step1/57.jpg]
[www.kluvcoin.io/img/augustinne_step1/58.jpg]
[www.kluvcoin.io/img/augustinne_step1/59.jpg]
[www.kluvcoin.io/img/augustinne_step1/60.jpg]
[www.kluvcoin.io/img/augustinne_step1/61.jpg]
[www.kluvcoin.io/img/augustinne_step1/62.jpg]
[www.kluvcoin.io/img/augustinne_step1/63.jpg]
[www.kluvcoin.io/img/augustinne_step1/64.jpg]
[www.kluvcoin.io/img/augustinne_step1/65.jpg]
[www.kluvcoin.io/img/augustinne_step1/66.jpg]
[www.kluvcoin.io/img/augustinne_step1/67.jpg]
[www.kluvcoin.io/img/augustinne_step1/68.jpg]
[www.kluvcoin.io/img/augustinne_step1/69.jpg]
[www.kluvcoin.io/img/augustinne_step1/70.jpg]
[www.kluvcoin.io/img/augustinne_step1/71.jpg]
[www.kluvcoin.io/img/augustinne_step1/72.jpg]
[www.kluvcoin.io/img/augustinne_step1/73.jpg]
[www.kluvcoin.io/img/augustinne_step1/74.jpg]
[www.kluvcoin.io/img/augustinne_step1/75.jpg]
[www.kluvcoin.io/img/augustinne_step1/76.jpg]
[www.kluvcoin.io/img/augustinne_step1/77.jpg]
[www.kluvcoin.io/img/augustinne_step1/78.jpg]
[www.kluvcoin.io/img/augustinne_step1/79.jpg]
[www.kluvcoin.io/img/augustinne_step1/80.jpg]
[www.kluvcoin.io/img/augustinne_step1/81.jpg]
[www.kluvcoin.io/img/augustinne_step1/82.jpg]
[www.kluvcoin.io/img/augustinne_step1/83.jpg]
[www.kluvcoin.io/img/augustinne_step1/84.jpg]
[www.kluvcoin.io/img/augustinne_step1/85.jpg]
[www.kluvcoin.io/img/augustinne_step1/86.jpg]
[www.kluvcoin.io/img/augustinne_step1/87.jpg]
[www.kluvcoin.io/img/augustinne_step1/88.jpg]
[www.kluvcoin.io/img/augustinne_step1/89.jpg]
[www.kluvcoin.io/img/augustinne_step1/90.jpg]
[www.kluvcoin.io/img/augustinne_step1/91.jpg]
[www.kluvcoin.io/img/nonito-rabel.jpg]
[www.kluvcoin.io/img/ph/event/1.jpg]
[www.kluvcoin.io/img/ph/event/2.jpg]
[www.kluvcoin.io/img/ph/event/3.jpg]
[www.kluvcoin.io/img/ph/event/4.jpg]
[www.kluvcoin.io/img/ph/event/5.jpg]
[www.kluvcoin.io/img/ph/event/6.jpg]
[www.kluvcoin.io/img/ph/event/7.jpg]
[www.kluvcoin.io/img/ph/event/8.jpg]
[www.kluvcoin.io/img/ph/event/9.jpg]
[www.kluvcoin.io/img/ph/event/10.jpg]
[www.kluvcoin.io/img/ph/event/11.jpg]
[www.kluvcoin.io/img/ph/event/12.jpg]
[www.kluvcoin.io/img/ph/event/13.jpg]
[www.kluvcoin.io/img/ph/event/14.jpg]
[www.kluvcoin.io/img/ph/event/15.jpg]
[www.kluvcoin.io/img/ph/event/16.jpg]
[www.kluvcoin.io/img/ph/event/17.jpg]
[www.kluvcoin.io/img/ph/event/18.jpg]
[www.kluvcoin.io/img/ph/event/19.jpg]
[www.kluvcoin.io/img/ph/event/20.jpg]
[www.kluvcoin.io/img/ph/event/21.jpg]
[www.kluvcoin.io/img/ph/event/22.jpg]
[www.kluvcoin.io/img/ph/event/23.jpg]
[www.kluvcoin.io/img/ph/event/24.jpg]
[www.kluvcoin.io/img/ph/event/25.jpg]
[www.kluvcoin.io/img/ph/event/26.jpg]
[www.kluvcoin.io/img/ph/event/27.jpg]
[www.kluvcoin.io/img/ph/event/28.jpg]
[www.kluvcoin.io/img/ph/event/29.jpg]
[www.kluvcoin.io/img/ph/event/30.jpg]
[www.kluvcoin.io/img/ph/event/31.jpg]
[www.kluvcoin.io/img/ph/event/32.jpg]
[www.kluvcoin.io/img/ph/event/33.jpg]
[www.kluvcoin.io/img/ph/event/34.jpg]
[www.kluvcoin.io/img/ph/event/35.jpg]
[www.kluvcoin.io/img/ph/event/36.jpg]
[www.kluvcoin.io/img/ph/event/37.jpg]
[www.kluvcoin.io/img/ph/event/38.jpg]
[www.kluvcoin.io/img/ph/event/39.jpg]
[www.kluvcoin.io/img/ph/event/40.jpg]
[www.kluvcoin.io/img/ph/event/41.jpg]
[www.kluvcoin.io/img/ph/event/42.jpg]
[www.kluvcoin.io/img/ph/event/43.jpg]
[www.kluvcoin.io/img/ph/event/44.jpg]
[www.kluvcoin.io/img/ph/event/45.jpg]
[www.kluvcoin.io/img/ph/event/46.jpg]
[www.kluvcoin.io/img/ph/event/47.jpg]
[www.kluvcoin.io/img/ph/event/48.jpg]
[www.kluvcoin.io/img/ph/event/49.jpg]
[www.kluvcoin.io/img/ph/event/50.jpg]
[www.kluvcoin.io/img/ph/event/51.jpg]
[www.kluvcoin.io/img/ph/event/52.jpg]
[www.kluvcoin.io/img/ph/event/53.jpg]
[www.kluvcoin.io/img/ph/event/54.jpg]
[www.kluvcoin.io/img/ph/event/55.jpg]
[www.kluvcoin.io/img/ph/event/56.jpg]
[www.kluvcoin.io/img/ph/event/57.jpg]
[www.kluvcoin.io/img/ph/event/58.jpg]
[www.kluvcoin.io/img/ph/event/59.jpg]
[www.kluvcoin.io/img/ph/event/60.jpg]
[www.kluvcoin.io/img/ph/event/61.jpg]
[www.kluvcoin.io/img/ph/event/62.jpg]
[www.kluvcoin.io/img/ph/event/63.jpg]
[www.kluvcoin.io/img/ph/event/64.jpg]
[www.kluvcoin.io/img/ph/event/65.jpg]
[www.kluvcoin.io/img/ph/event/66.jpg]
[www.kluvcoin.io/img/ph/event/67.jpg]
[www.kluvcoin.io/img/ph/event/68.jpg]
[www.kluvcoin.io/img/ph/event/69.jpg]
[www.kluvcoin.io/img/ph/event/70.jpg]
[www.kluvcoin.io/img/ph/event/71.jpg]
[www.kluvcoin.io/img/ph/event/72.jpg]
[www.kluvcoin.io/img/ph/event/73.jpg]
[www.kluvcoin.io/img/ph/event/74.jpg]
[www.kluvcoin.io/img/ph/event/75.jpg]
[www.kluvcoin.io/img/ph/event/76.jpg]
[www.kluvcoin.io/img/ph/event/77.jpg]
[www.kluvcoin.io/img/ph/event/78.jpg]
[www.kluvcoin.io/img/ph/event/79.jpg]
[www.kluvcoin.io/img/ph/event/80.jpg]
[www.kluvcoin.io/img/ph/event/81.jpg]
[www.kluvcoin.io/img/ph/event/82.jpg]
[www.kluvcoin.io/img/ph/event/83.jpg]
[www.kluvcoin.io/img/ph/event/84.jpg]
[www.kluvcoin.io/img/ph/event/85.jpg]
[www.kluvcoin.io/img/ph/event/86.jpg]
[www.kluvcoin.io/img/ph/event/87.jpg]
[www.kluvcoin.io/img/ph/event/88.jpg]
[www.kluvcoin.io/img/ph/event/89.jpg]
[www.kluvcoin.io/img/ph/event/90.jpg]
[www.kluvcoin.io/img/ph/event/91.jpg]
[www.kluvcoin.io/img/ph/event/92.jpg]
[www.kluvcoin.io/img/ph/event/93.jpg]
[www.kluvcoin.io/img/ph/event/94.jpg]
[www.kluvcoin.io/img/ph/event/95.jpg]
[www.kluvcoin.io/img/ph/event/96.jpg]
[www.kluvcoin.io/img/ph/event/97.jpg]
[www.kluvcoin.io/img/ph/event/98.jpg]
[www.kluvcoin.io/img/ph/event/99.jpg]
[www.kluvcoin.io/img/ph/event/100.jpg]
[www.kluvcoin.io/img/ph/event/101.jpg]
[www.kluvcoin.io/img/ph/event/102.jpg]
[www.kluvcoin.io/img/ph/event/103.jpg]
[www.kluvcoin.io/img/ph/event/104.jpg]
[www.kluvcoin.io/img/ph/event/105.jpg]
[www.kluvcoin.io/img/ph/event/106.jpg]
[www.kluvcoin.io/img/ph/event/107.jpg]
[www.kluvcoin.io/img/ph/event/108.jpg]
[www.kluvcoin.io/img/ph/event/109.jpg]
[www.kluvcoin.io/img/ph/event/110.jpg]
[www.kluvcoin.io/img/ph/event/111.jpg]
[www.kluvcoin.io/img/ph/event/112.jpg]
[www.kluvcoin.io/img/ph/event/113.jpg]
[www.kluvcoin.io/img/ph/event/114.jpg]
[www.kluvcoin.io/img/ph/event/115.jpg]
[www.kluvcoin.io/img/ph/event/116.jpg]
[www.kluvcoin.io/img/ph/event/117.jpg]
[www.kluvcoin.io/js/grid-gallery.min.js]
[www.kluvcoin.io/img/victoria_edmond.jpg]
[www.kluvcoin.io/img/south-africa/committees/1.jpg]
[www.kluvcoin.io/img/south-africa/committees/2.jpg]
[www.kluvcoin.io/img/south-africa/committees/3.jpg]
[www.kluvcoin.io/img/south-africa/committees/4.jpg]
[www.kluvcoin.io/img/south-africa/committees/5.jpg]
[www.kluvcoin.io/img/south-africa/committees/6.jpg]
[www.kluvcoin.io/img/south-africa/committees/7.jpg]
[www.kluvcoin.io/img/south-africa/rands/1.jpg]
[www.kluvcoin.io/img/south-africa/invoice/1.jpg]
[www.kluvcoin.io/img/south-africa/invoice/2.jpg]
[www.kluvcoin.io/img/sodzedo.jpg]
[www.kluvcoin.io/img/togo/receipt/1.jpg]
[www.kluvcoin.io/img/togo/receipt/2.jpg]
[www.kluvcoin.io/img/togo/receipt/3.jpg]
[www.kluvcoin.io/img/togo/receipt/4.jpg]
[www.kluvcoin.io/img/togo/receipt/5.jpg]
[www.kluvcoin.io/img/togo/receipt/6.jpg]
[www.kluvcoin.io/img/togo/authorization/1.jpg]
[www.kluvcoin.io/img/togo/authorization/2.png]
[www.kluvcoin.io/img/togo/tbc-team/1.jpg]
[www.kluvcoin.io/img/togo/tbc-team/2.jpg]
[www.kluvcoin.io/img/togo/tbc-team/3.jpg]
[www.kluvcoin.io/img/togo/tbc-team/4.jpg]
[www.kluvcoin.io/img/togo/tbc-team/5.jpg]
[www.kluvcoin.io/img/togo/tbc-team/6.jpg]
[www.kluvcoin.io/img/togo/tbc-team/7.jpg]
[www.kluvcoin.io/img/togo/tbc-team/8.jpg]
[www.kluvcoin.io/img/togo/tbc-team/9.jpg]
[www.kluvcoin.io/img/togo/event/1.jpg]
[www.kluvcoin.io/img/togo/event/2.jpg]
[www.kluvcoin.io/img/togo/event/3.jpg]
[www.kluvcoin.io/img/togo/event/4.jpg]
[www.kluvcoin.io/img/togo/event/5.jpg]
[www.kluvcoin.io/img/togo/event/6.jpg]
[www.kluvcoin.io/img/togo/event/7.jpg]
[www.kluvcoin.io/img/togo/event/8.jpg]
[www.kluvcoin.io/img/togo/event/9.jpg]
[www.kluvcoin.io/img/togo/event/10.jpg]
[www.kluvcoin.io/img/togo/event/11.jpg]
[www.kluvcoin.io/img/togo/event/12.jpg]
[www.kluvcoin.io/img/togo/event/13.jpg]
[www.kluvcoin.io/img/togo/event/14.jpg]
[www.kluvcoin.io/img/togo/event/15.jpg]
[www.kluvcoin.io/img/togo/event/16.jpg]
[www.kluvcoin.io/img/togo/event/17.jpg]
[www.kluvcoin.io/img/togo/event/18.jpg]
[www.kluvcoin.io/img/togo/event/19.jpg]
[www.kluvcoin.io/img/togo/event/20.jpg]
[www.kluvcoin.io/img/togo/event/21.jpg]
[www.kluvcoin.io/img/togo/event/22.jpg]
[www.kluvcoin.io/img/togo/event/23.jpg]
[www.kluvcoin.io/img/togo/event/24.jpg]
[www.kluvcoin.io/img/togo/event/25.jpg]
[www.kluvcoin.io/img/togo/event/26.jpg]
[www.kluvcoin.io/img/togo/event/27.jpg]
[www.kluvcoin.io/img/togo/event/28.jpg]
[www.kluvcoin.io/img/togo/event/29.jpg]
[www.kluvcoin.io/img/togo/event/30.jpg]
[www.kluvcoin.io/img/togo/event/31.jpg]
[www.kluvcoin.io/img/togo/event/32.jpg]
[www.kluvcoin.io/img/togo/event/33.jpg]
[www.kluvcoin.io/img/togo/event/34.jpg]
[www.kluvcoin.io/img/togo/event/35.jpg]
[www.kluvcoin.io/img/togo/event/36.jpg]
[www.kluvcoin.io/img/togo/event/37.jpg]
[www.kluvcoin.io/img/togo/event/38.jpg]
[www.kluvcoin.io/img/togo/event/39.jpg]
[www.kluvcoin.io/img/togo/event/40.jpg]
[www.kluvcoin.io/img/togo/event/42.jpg]
[www.kluvcoin.io/img/togo/event/43.jpg]
[www.kluvcoin.io/img/togo/event/44.jpg]
[www.kluvcoin.io/img/togo/event/45.jpg]
[www.kluvcoin.io/img/togo/event/46.jpg]
[www.kluvcoin.io/img/togo/event/47.jpg]
[www.kluvcoin.io/img/togo/event/48.jpg]
[www.kluvcoin.io/img/togo/event/49.jpg]
[www.kluvcoin.io/img/togo/event/50.jpg]
[www.kluvcoin.io/img/togo/event/51.jpg]
[www.kluvcoin.io/img/togo/event/52.jpg]
[www.kluvcoin.io/img/togo/event/53.jpg]
[www.kluvcoin.io/img/togo/event/54.jpg]
[www.kluvcoin.io/img/togo/event/55.jpg]
[www.kluvcoin.io/img/togo/event/56.jpg]
[www.kluvcoin.io/img/togo/event/57.jpg]
[www.kluvcoin.io/img/togo/event/58.jpg]
[www.kluvcoin.io/img/togo/event/59.jpg]
[www.kluvcoin.io/img/togo/event/60.jpg]
[www.kluvcoin.io/img/togo/event/61.jpg]
[www.kluvcoin.io/img/togo/event/62.jpg]
[www.kluvcoin.io/img/togo/event/63.jpg]
[www.kluvcoin.io/img/togo/event/64.jpg]
[www.kluvcoin.io/img/togo/event/65.jpg]
[www.kluvcoin.io/img/togo/event/66.jpg]
[www.kluvcoin.io/img/togo/event/67.jpg]
[www.kluvcoin.io/img/togo/event/68.jpg]
[www.kluvcoin.io/img/togo/event/69.jpg]
[www.kluvcoin.io/img/togo/event/70.jpg]
[www.kluvcoin.io/img/togo/event/71.jpg]
[www.kluvcoin.io/img/togo/event/72.jpg]
[www.kluvcoin.io/img/togo/event/73.jpg]
[www.kluvcoin.io/img/togo/event/74.jpg]
[www.kluvcoin.io/img/togo/event/75.jpg]
[www.kluvcoin.io/img/togo/event/76.jpg]
[www.kluvcoin.io/img/togo/event/77.jpg]
[www.kluvcoin.io/img/togo/event/78.jpg]
[www.kluvcoin.io/img/togo/event/79.jpg]
[www.kluvcoin.io/img/togo/event/80.jpg]
[www.kluvcoin.io/img/togo/event/81.jpg]
[www.kluvcoin.io/img/togo/event/82.jpg]
[www.kluvcoin.io/img/togo/event/83.jpg]
[www.kluvcoin.io/img/togo/event/84.jpg]
[www.kluvcoin.io/img/togo/event/85.jpg]
[www.kluvcoin.io/img/togo/event/86.jpg]
[www.kluvcoin.io/img/togo/event/87.jpg]
[www.kluvcoin.io/img/togo/event/88.jpg]
[www.kluvcoin.io/img/togo/event/89.jpg]
[www.kluvcoin.io/img/togo/event/90.jpg]
[www.kluvcoin.io/img/togo/event/91.jpg]
[www.kluvcoin.io/img/togo/event/92.jpg]
[www.kluvcoin.io/img/togo/event/93.jpg]
[www.kluvcoin.io/img/togo/event/94.jpg]
[www.kluvcoin.io/img/togo/event/95.jpg]
[www.kluvcoin.io/img/togo/event/96.jpg]
[www.kluvcoin.io/img/togo/event/97.jpg]
[www.kluvcoin.io/img/togo/event/98.jpg]
[www.kluvcoin.io/img/togo/event/99.jpg]
[www.kluvcoin.io/img/togo/event/100.jpg]
[www.kluvcoin.io/img/togo/event/101.jpg]
[www.kluvcoin.io/img/togo/event/102.jpg]
[www.kluvcoin.io/img/togo/event/103.jpg]
[www.kluvcoin.io/img/togo/event/104.jpg]
[www.kluvcoin.io/img/togo/event/105.jpg]
[www.kluvcoin.io/img/togo/event/106.jpg]
[www.kluvcoin.io/img/togo/event/107.jpg]
[www.kluvcoin.io/img/togo/event/108.jpg]
[www.kluvcoin.io/img/togo/event/109.jpg]
[www.kluvcoin.io/img/togo/event/110.jpg]
[www.kluvcoin.io/img/togo/event/112.jpg]
[www.kluvcoin.io/img/togo/event/113.jpg]
[www.kluvcoin.io/img/togo/event/114.jpg]
[www.kluvcoin.io/img/togo/event/115.jpg]
[www.kluvcoin.io/img/togo/event/116.jpg]
[www.kluvcoin.io/img/togo/event/117.jpg]
[www.kluvcoin.io/img/togo/event/118.jpg]
[www.kluvcoin.io/img/togo/event/119.jpg]
[www.kluvcoin.io/img/togo/event/120.jpg]
[www.kluvcoin.io/img/togo/event/121.jpg]
[www.kluvcoin.io/img/togo/event/122.jpg]
[www.kluvcoin.io/img/togo/event/123.jpg]
[www.kluvcoin.io/img/togo/event/124.jpg]
[www.kluvcoin.io/img/togo/event/125.jpg]
[www.kluvcoin.io/img/togo/event/126.jpg]
[www.kluvcoin.io/img/togo/event/127.jpg]
[www.kluvcoin.io/img/togo/event/128.jpg]
[www.kluvcoin.io/img/togo/hospital/1.jpg]
[www.kluvcoin.io/img/togo/hospital/2.jpg]
[www.kluvcoin.io/img/togo/hospital/3.jpg]
[www.kluvcoin.io/img/togo/hospital/4.jpg]
[www.kluvcoin.io/img/togo/hospital/5.jpg]
[www.kluvcoin.io/img/togo/hospital/6.jpg]
[www.kluvcoin.io/img/togo/hospital/7.jpg]
[www.kluvcoin.io/img/togo/hospital/8.jpg]
[www.kluvcoin.io/img/togo/hospital/9.jpg]
[www.kluvcoin.io/img/togo/hospital/10.jpg]
[www.kluvcoin.io/img/togo/hospital/11.jpg]
[www.kluvcoin.io/img/togo/hospital/12.jpg]
[www.kluvcoin.io/img/togo/hospital/13.jpg]
[www.kluvcoin.io/img/togo/hospital/14.jpg]
[www.kluvcoin.io/img/togo/hospital/15.jpg]
[www.kluvcoin.io/img/togo/hospital/16.jpg]
[www.kluvcoin.io/img/togo/hospital/17.jpg]
[www.kluvcoin.io/img/togo/hospital/18.jpg]
[www.kluvcoin.io/img/togo/hospital/19.jpg]
[www.kluvcoin.io/img/togo/hospital/20.jpg]
[www.kluvcoin.io/img/logo.png]
[www.kluvcoin.io/img/henry.jpg]
[www.kluvcoin.io/img/uganda/receipt/1.jpg]
[www.kluvcoin.io/img/uganda/receipt/2.jpg]
[www.kluvcoin.io/img/uganda/receipt/3.jpg]
[www.kluvcoin.io/img/uganda/receipt/4.jpg]
[www.kluvcoin.io/img/uganda/receipt/5.jpg]
[www.kluvcoin.io/img/uganda/receipt/6.jpg]
[www.kluvcoin.io/img/uganda/receipt/7.jpg]
[www.kluvcoin.io/img/uganda/event/1.jpg]
[www.kluvcoin.io/img/uganda/event/2.jpg]
[www.kluvcoin.io/img/uganda/event/3.jpg]
[www.kluvcoin.io/img/uganda/event/4.jpg]
[www.kluvcoin.io/img/uganda/event/5.jpg]
[www.kluvcoin.io/img/uganda/event/6.jpg]
[www.kluvcoin.io/img/uganda/event/7.jpg]
[www.kluvcoin.io/img/uganda/event/8.jpg]
[www.kluvcoin.io/img/uganda/event/9.jpg]
[www.kluvcoin.io/img/uganda/event/10.jpg]
[www.kluvcoin.io/img/uganda/event/11.jpg]
[www.kluvcoin.io/img/uganda/event/12.jpg]
[www.kluvcoin.io/img/uganda/event/13.jpg]
[www.kluvcoin.io/img/uganda/event/14.jpg]
[www.kluvcoin.io/img/uganda/event/15.jpg]
[www.kluvcoin.io/img/uganda/event/16.jpg]
[www.kluvcoin.io/img/uganda/event/17.jpg]
[www.kluvcoin.io/img/uganda/event/18.jpg]
[www.kluvcoin.io/img/uganda/event/19.jpg]
[www.kluvcoin.io/img/uganda/event/20.jpg]
[www.kluvcoin.io/img/uganda/event/21.jpg]
[www.kluvcoin.io/img/uganda/event/22.jpg]
[www.kluvcoin.io/img/uganda/event/23.jpg]
[www.kluvcoin.io/img/uganda/event/24.jpg]
[www.kluvcoin.io/img/uganda/event/25.jpg]
[www.kluvcoin.io/img/uganda/event/26.jpg]
[www.kluvcoin.io/img/uganda/event/27.jpg]
[www.kluvcoin.io/img/uganda/event/28.jpg]
[www.kluvcoin.io/img/uganda/event/29.jpg]
[www.kluvcoin.io/img/uganda/event/30.jpg]
[www.kluvcoin.io/img/uganda/event/31.jpg]
[www.kluvcoin.io/img/uganda/event/32.jpg]
[www.kluvcoin.io/img/uganda/event/33.jpg]
[www.kluvcoin.io/img/uganda/event/34.jpg]
[www.kluvcoin.io/img/uganda/event/35.jpg]
[www.kluvcoin.io/img/uganda/press/1.jpg]
[www.kluvcoin.io/img/uganda/press/2.jpg]
[kringle.cash/content/css/registration_form43a0.css]
[kringle.cash/css/face0b1a.css]
[kringle.cash/code/js/_main_menu503e.js]
